#
# There is insufficient memory for the Java Runtime Environment to continue.
# Native memory allocation (malloc) failed to allocate 1344176 bytes for Chunk::new
# Possible reasons:
#   The system is out of physical RAM or swap space
#   In 32 bit mode, the process size limit was hit
# Possible solutions:
#   Reduce memory load on the system
#   Increase physical memory or swap space
#   Check if swap backing store is full
#   Use 64 bit Java on a 64 bit OS
#   Decrease Java heap size (-Xmx/-Xms)
#   Decrease number of Java threads
#   Decrease Java thread stack sizes (-Xss)
#   Set larger code cache with -XX:ReservedCodeCacheSize=
# This output file may be truncated or incomplete.
#
#  Out of Memory Error (allocation.cpp:390), pid=1304, tid=0x0000000000001e00
#
# JRE version: Java(TM) SE Runtime Environment (8.0_102-b14) (build 1.8.0_102-b14)
# Java VM: Java HotSpot(TM) 64-Bit Server VM (25.102-b14 mixed mode windows-amd64 compressed oops)
# Failed to write core dump. Minidumps are not enabled by default on client versions of Windows
#

---------------  T H R E A D  ---------------

Current thread (0x00000000551ac800):  JavaThread "C2 CompilerThread0" daemon [_thread_in_native, id=7680, stack(0x0000000056350000,0x0000000056450000)]

Stack: [0x0000000056350000,0x0000000056450000]
[error occurred during error reporting (printing stack bounds), id 0xc0000005]

Native frames: (J=compiled Java code, j=interpreted, Vv=VM code, C=native code)


Current CompileTask:
C2:   7135 1662   !   4       com.android.dx.cf.cst.ConstantPoolParser::parse0 (731 bytes)


---------------  P R O C E S S  ---------------

Java Threads: ( => current thread )
  0x0000000056824000 JavaThread "pool-1-thread-4" [_thread_blocked, id=2652, stack(0x0000000058200000,0x0000000058300000)]
  0x0000000056781000 JavaThread "pool-1-thread-3" [_thread_blocked, id=5348, stack(0x00000000574e0000,0x00000000575e0000)]
  0x000000005678e000 JavaThread "pool-1-thread-2" [_thread_blocked, id=5948, stack(0x0000000058010000,0x0000000058110000)]
  0x0000000056745000 JavaThread "pool-2-thread-1" [_thread_blocked, id=8152, stack(0x0000000057f10000,0x0000000058010000)]
  0x0000000056743000 JavaThread "pool-1-thread-1" [_thread_blocked, id=5676, stack(0x0000000057330000,0x0000000057430000)]
  0x00000000565ce800 JavaThread "Service Thread" daemon [_thread_blocked, id=2992, stack(0x0000000056a90000,0x0000000056b90000)]
  0x0000000056567000 JavaThread "C1 CompilerThread2" daemon [_thread_blocked, id=6620, stack(0x0000000056ed0000,0x0000000056fd0000)]
  0x0000000056566000 JavaThread "C2 CompilerThread1" daemon [_thread_in_native, id=2224, stack(0x0000000056d60000,0x0000000056e60000)]
=>0x00000000551ac800 JavaThread "C2 CompilerThread0" daemon [_thread_in_native, id=7680, stack(0x0000000056350000,0x0000000056450000)]
  0x0000000056559000 JavaThread "Attach Listener" daemon [_thread_blocked, id=6524, stack(0x0000000056b90000,0x0000000056c90000)]
  0x0000000056558800 JavaThread "Signal Dispatcher" daemon [_thread_blocked, id=4468, stack(0x0000000056960000,0x0000000056a60000)]
  0x000000005518a000 JavaThread "Finalizer" daemon [_thread_blocked, id=6364, stack(0x0000000056120000,0x0000000056220000)]
  0x0000000055142000 JavaThread "Reference Handler" daemon [_thread_blocked, id=8044, stack(0x0000000056450000,0x0000000056550000)]
  0x000000000251e000 JavaThread "main" [_thread_blocked, id=7000, stack(0x0000000002690000,0x0000000002790000)]

Other Threads:
  0x000000005513a800 VMThread [stack: 0x0000000056240000,0x0000000056340000] [id=6552]
  0x00000000565da000 WatcherThread [stack: 0x0000000057100000,0x0000000057200000] [id=7248]

VM state:not at safepoint (normal execution)

VM Mutex/Monitor currently owned by a thread: None

Heap:
 PSYoungGen      total 71680K, used 12576K [0x00000000eab00000, 0x00000000ef600000, 0x0000000100000000)
  eden space 66560K, 11% used [0x00000000eab00000,0x00000000eb24ff00,0x00000000eec00000)
  from space 5120K, 99% used [0x00000000ef100000,0x00000000ef5f8340,0x00000000ef600000)
  to   space 5120K, 0% used [0x00000000eec00000,0x00000000eec00000,0x00000000ef100000)
 ParOldGen       total 87552K, used 6582K [0x00000000c0000000, 0x00000000c5580000, 0x00000000eab00000)
  object space 87552K, 7% used [0x00000000c0000000,0x00000000c066db50,0x00000000c5580000)
 Metaspace       used 6251K, capacity 7092K, committed 7296K, reserved 1056768K
  class space    used 606K, capacity 620K, committed 640K, reserved 1048576K

Card table byte_map: [0x0000000011b50000,0x0000000011d60000] byte_map_base: 0x0000000011550000

Marking Bits: (ParMarkBitMap*) 0x0000000057e6a6c0
 Begin Bits: [0x00000000125b0000, 0x00000000135b0000)
 End Bits:   [0x00000000135b0000, 0x00000000145b0000)

Polling page: 0x0000000001b60000

CodeCache: size=245760Kb used=7473Kb max_used=7509Kb free=238286Kb
 bounds [0x0000000002790000, 0x0000000002f00000, 0x0000000011790000]
 total_blobs=1926 nmethods=1655 adapters=184
 compilation: enabled

Compilation events (10 events):
Event: 6.852 Thread 0x00000000551ac800 nmethod 1636 0x0000000002eb6290 code [0x0000000002eb63e0, 0x0000000002eb6498]
Event: 6.891 Thread 0x0000000056566000 nmethod 1593 0x0000000002ee0410 code [0x0000000002ee09c0, 0x0000000002ee8660]
Event: 6.952 Thread 0x0000000056567000 1661       3       sun.util.calendar.ZoneInfo::getTransitionIndex (156 bytes)
Event: 6.952 Thread 0x00000000551ac800 1662   !   4       com.android.dx.cf.cst.ConstantPoolParser::parse0 (731 bytes)
Event: 6.952 Thread 0x0000000056567000 nmethod 1661 0x0000000002ecce90 code [0x0000000002ecd020, 0x0000000002ecd4f0]
Event: 7.090 Thread 0x0000000056566000 1663       4       com.android.dx.rop.code.BasicBlockList::preferredSuccessorOf (77 bytes)
Event: 7.093 Thread 0x0000000056566000 nmethod 1663 0x0000000002ecadd0 code [0x0000000002ecaf40, 0x0000000002ecb258]
Event: 7.093 Thread 0x0000000056566000 1664       4       com.android.dx.dex.code.RopTranslator::outputBlock (202 bytes)
Event: 7.095 Thread 0x0000000056567000 1667       3       com.android.dx.dex.file.CodeItem::<init> (81 bytes)
Event: 7.095 Thread 0x0000000056567000 nmethod 1667 0x0000000002ecc610 code [0x0000000002ecc7c0, 0x0000000002ecccb8]

GC Heap History (4 events):
Event: 3.117 GC heap before
{Heap before GC invocations=1 (full 0):
 PSYoungGen      total 38400K, used 33280K [0x00000000eab00000, 0x00000000ed580000, 0x0000000100000000)
  eden space 33280K, 100% used [0x00000000eab00000,0x00000000ecb80000,0x00000000ecb80000)
  from space 5120K, 0% used [0x00000000ed080000,0x00000000ed080000,0x00000000ed580000)
  to   space 5120K, 0% used [0x00000000ecb80000,0x00000000ecb80000,0x00000000ed080000)
 ParOldGen       total 87552K, used 0K [0x00000000c0000000, 0x00000000c5580000, 0x00000000eab00000)
  object space 87552K, 0% used [0x00000000c0000000,0x00000000c0000000,0x00000000c5580000)
 Metaspace       used 6074K, capacity 6964K, committed 7040K, reserved 1056768K
  class space    used 605K, capacity 620K, committed 640K, reserved 1048576K
Event: 3.186 GC heap after
Heap after GC invocations=1 (full 0):
 PSYoungGen      total 38400K, used 5104K [0x00000000eab00000, 0x00000000ef600000, 0x0000000100000000)
  eden space 33280K, 0% used [0x00000000eab00000,0x00000000eab00000,0x00000000ecb80000)
  from space 5120K, 99% used [0x00000000ecb80000,0x00000000ed07c330,0x00000000ed080000)
  to   space 5120K, 0% used [0x00000000ef100000,0x00000000ef100000,0x00000000ef600000)
 ParOldGen       total 87552K, used 1523K [0x00000000c0000000, 0x00000000c5580000, 0x00000000eab00000)
  object space 87552K, 1% used [0x00000000c0000000,0x00000000c017cdf0,0x00000000c5580000)
 Metaspace       used 6074K, capacity 6964K, committed 7040K, reserved 1056768K
  class space    used 605K, capacity 620K, committed 640K, reserved 1048576K
}
Event: 6.177 GC heap before
{Heap before GC invocations=2 (full 0):
 PSYoungGen      total 38400K, used 38384K [0x00000000eab00000, 0x00000000ef600000, 0x0000000100000000)
  eden space 33280K, 100% used [0x00000000eab00000,0x00000000ecb80000,0x00000000ecb80000)
  from space 5120K, 99% used [0x00000000ecb80000,0x00000000ed07c330,0x00000000ed080000)
  to   space 5120K, 0% used [0x00000000ef100000,0x00000000ef100000,0x00000000ef600000)
 ParOldGen       total 87552K, used 1523K [0x00000000c0000000, 0x00000000c5580000, 0x00000000eab00000)
  object space 87552K, 1% used [0x00000000c0000000,0x00000000c017cdf0,0x00000000c5580000)
 Metaspace       used 6204K, capacity 7028K, committed 7296K, reserved 1056768K
  class space    used 606K, capacity 620K, committed 640K, reserved 1048576K
Event: 6.301 GC heap after
Heap after GC invocations=2 (full 0):
 PSYoungGen      total 71680K, used 5088K [0x00000000eab00000, 0x00000000ef600000, 0x0000000100000000)
  eden space 66560K, 0% used [0x00000000eab00000,0x00000000eab00000,0x00000000eec00000)
  from space 5120K, 99% used [0x00000000ef100000,0x00000000ef5f8340,0x00000000ef600000)
  to   space 5120K, 0% used [0x00000000eec00000,0x00000000eec00000,0x00000000ef100000)
 ParOldGen       total 87552K, used 6582K [0x00000000c0000000, 0x00000000c5580000, 0x00000000eab00000)
  object space 87552K, 7% used [0x00000000c0000000,0x00000000c066db50,0x00000000c5580000)
 Metaspace       used 6204K, capacity 7028K, committed 7296K, reserved 1056768K
  class space    used 606K, capacity 620K, committed 640K, reserved 1048576K
}

Deoptimization events (10 events):
Event: 5.515 Thread 0x000000005678e000 Uncommon trap: reason=bimorphic action=maybe_recompile pc=0x0000000002e1aee8 method=com.android.dx.ssa.SCCP.simulatePhi(Lcom/android/dx/ssa/PhiInsn;)V @ 124
Event: 5.515 Thread 0x000000005678e000 Uncommon trap: reason=bimorphic action=maybe_recompile pc=0x0000000002e1aee8 method=com.android.dx.ssa.SCCP.simulatePhi(Lcom/android/dx/ssa/PhiInsn;)V @ 124
Event: 5.515 Thread 0x000000005678e000 Uncommon trap: reason=bimorphic action=maybe_recompile pc=0x0000000002e1aee8 method=com.android.dx.ssa.SCCP.simulatePhi(Lcom/android/dx/ssa/PhiInsn;)V @ 124
Event: 5.517 Thread 0x000000005678e000 Uncommon trap: reason=bimorphic action=maybe_recompile pc=0x0000000002bb6578 method=java.util.HashMap.putVal(ILjava/lang/Object;Ljava/lang/Object;ZZ)Ljava/lang/Object; @ 91
Event: 5.518 Thread 0x000000005678e000 Uncommon trap: reason=bimorphic action=maybe_recompile pc=0x0000000002d7dcf8 method=com.android.dx.ssa.SCCP.simulatePhi(Lcom/android/dx/ssa/PhiInsn;)V @ 124
Event: 5.733 Thread 0x000000005678e000 Uncommon trap: reason=unstable_if action=reinterpret pc=0x0000000002ce8e4c method=com.android.dx.ssa.SCCP.simulateBranch(Lcom/android/dx/ssa/SsaInsn;)V @ 64
Event: 6.041 Thread 0x000000005678e000 Uncommon trap: reason=unstable_if action=reinterpret pc=0x0000000002d0f564 method=com.android.dx.ssa.LiteralOpUpgrader$1.visitNonMoveInsn(Lcom/android/dx/ssa/NormalSsaInsn;)V @ 55
Event: 6.041 Thread 0x000000005678e000 Uncommon trap: reason=unstable_if action=reinterpret pc=0x0000000002b7c9cc method=com.android.dx.ssa.SsaMethod.updateOneDefinition(Lcom/android/dx/ssa/SsaInsn;Lcom/android/dx/rop/code/RegisterSpec;)V @ 4
Event: 6.485 Thread 0x000000005678e000 Uncommon trap: reason=unstable_if action=reinterpret pc=0x0000000002ac0904 method=com.android.dx.rop.cst.Constant.compareTo(Lcom/android/dx/rop/cst/Constant;)I @ 12
Event: 6.556 Thread 0x0000000056781000 Uncommon trap: reason=null_check action=make_not_entrant pc=0x0000000002bead3c method=com.android.dx.ssa.SsaRenamer.getLocalForNewReg(I)Lcom/android/dx/rop/code/LocalItem; @ 19

Internal exceptions (4 events):
Event: 0.114 Thread 0x000000000251e000 Exception <a 'java/lang/NoSuchMethodError': Method sun.misc.Unsafe.defineClass(Ljava/lang/String;[BII)Ljava/lang/Class; name or signature does not match> (0x00000000eab07c78) thrown at [C:\re\workspace\8-2-build-windows-amd64-cygwin\jdk8u102\7268\hotspot\s ÇŒFêD½?
Event: 0.114 Thread 0x000000000251e000 Exception <a 'java/lang/NoSuchMethodError': Method sun.misc.Unsafe.prefetchRead(Ljava/lang/Object;J)V name or signature does not match> (0x00000000eab07f60) thrown at [C:\re\workspace\8-2-build-windows-amd64-cygwin\jdk8u102\7268\hotspot\src\share\vm\prims\+7@Ñ.Ú@
Event: 4.713 Thread 0x0000000056824000 Implicit null exception at 0x0000000002bf0bf3 to 0x0000000002bf1925
Event: 6.556 Thread 0x0000000056781000 Implicit null exception at 0x0000000002bea211 to 0x0000000002bead19

Events (10 events):
Event: 6.041 Thread 0x000000005678e000 DEOPT PACKING pc=0x0000000002b7c9cc sp=0x000000005810e640
Event: 6.041 Thread 0x000000005678e000 DEOPT UNPACKING pc=0x00000000027d582a sp=0x000000005810e5e8 mode 2
Event: 6.177 Executing VM operation: ParallelGCFailedAllocation
Event: 6.301 Executing VM operation: ParallelGCFailedAllocation done
Event: 6.485 Thread 0x000000005678e000 Uncommon trap: trap_request=0xffffff65 fr.pc=0x0000000002ac0904
Event: 6.485 Thread 0x000000005678e000 DEOPT PACKING pc=0x0000000002ac0904 sp=0x000000005810e470
Event: 6.485 Thread 0x000000005678e000 DEOPT UNPACKING pc=0x00000000027d582a sp=0x000000005810e410 mode 2
Event: 6.556 Thread 0x0000000056781000 Uncommon trap: trap_request=0xfffffff4 fr.pc=0x0000000002bead3c
Event: 6.556 Thread 0x0000000056781000 DEOPT PACKING pc=0x0000000002bead3c sp=0x00000000575de970
Event: 6.556 Thread 0x0000000056781000 DEOPT UNPACKING pc=0x00000000027d582a sp=0x00000000575de7c8 mode 2


Dynamic libraries:
0x000000013ff20000 - 0x000000013ff57000 	D:\JAVA\jdk1.8\bin\java.exe
0x0000000077940000 - 0x0000000077aea000 	C:\Windows\SYSTEM32\ntdll.dll
0x0000000077820000 - 0x000000007793f000 	C:\Windows\system32\kernel32.dll
0x000007fefdb10000 - 0x000007fefdb7a000 	C:\Windows\system32\KERNELBASE.dll
0x000007fefe290000 - 0x000007fefe36b000 	C:\Windows\system32\ADVAPI32.dll
0x000007feff9b0000 - 0x000007feffa4f000 	C:\Windows\system32\msvcrt.dll
0x000007feff750000 - 0x000007feff76f000 	C:\Windows\SYSTEM32\sechost.dll
0x000007feff880000 - 0x000007feff9ad000 	C:\Windows\system32\RPCRT4.dll
0x0000000077720000 - 0x000000007781a000 	C:\Windows\system32\USER32.dll
0x000007feffad0000 - 0x000007feffb37000 	C:\Windows\system32\GDI32.dll
0x000007feff740000 - 0x000007feff74e000 	C:\Windows\system32\LPK.dll
0x000007fefe370000 - 0x000007fefe43a000 	C:\Windows\system32\USP10.dll
0x000007fefc0d0000 - 0x000007fefc2c4000 	C:\Windows\WinSxS\amd64_microsoft.windows.common-controls_6595b64144ccf1df_6.0.7601.17514_none_fa396087175ac9ac\COMCTL32.dll
0x000007feffa50000 - 0x000007feffac1000 	C:\Windows\system32\SHLWAPI.dll
0x000007feff710000 - 0x000007feff73e000 	C:\Windows\system32\IMM32.DLL
0x000007feffb40000 - 0x000007feffc49000 	C:\Windows\system32\MSCTF.dll
0x00000000640f0000 - 0x00000000641c1000 	D:\JAVA\jdk1.8\jre\bin\msvcr100.dll
0x0000000057650000 - 0x0000000057eea000 	D:\JAVA\jdk1.8\jre\bin\server\jvm.dll
0x000007fefaef0000 - 0x000007fefaef9000 	C:\Windows\system32\WSOCK32.dll
0x000007fefdc60000 - 0x000007fefdcad000 	C:\Windows\system32\WS2_32.dll
0x000007feff770000 - 0x000007feff778000 	C:\Windows\system32\NSI.dll
0x000007fefb4e0000 - 0x000007fefb51b000 	C:\Windows\system32\WINMM.dll
0x000007fefc9f0000 - 0x000007fefc9fc000 	C:\Windows\system32\VERSION.dll
0x0000000077b00000 - 0x0000000077b07000 	C:\Windows\system32\PSAPI.DLL
0x00000000679c0000 - 0x00000000679cf000 	D:\JAVA\jdk1.8\jre\bin\verify.dll
0x0000000064280000 - 0x00000000642a9000 	D:\JAVA\jdk1.8\jre\bin\java.dll
0x0000000064260000 - 0x0000000064276000 	D:\JAVA\jdk1.8\jre\bin\zip.dll
0x000007fefe440000 - 0x000007feff1c8000 	C:\Windows\system32\SHELL32.dll
0x000007feff380000 - 0x000007feff583000 	C:\Windows\system32\ole32.dll
0x000007fefd890000 - 0x000007fefd89f000 	C:\Windows\system32\profapi.dll

VM Arguments:
jvm_args: -Djava.awt.headless=true -Xmx1024M -Dfile.encoding=GBK -Duser.country=CN -Duser.language=zh -Duser.variant 
java_command: com.android.dx.command.Main --dex --num-threads=4 --output E:\svn\Peek2_hk_vlc\app\build\intermediates\pre-dexed\debug\com.android.support-support-media-compat-24.2.0_ba13f363fa1ad5258fa3dbc4cd705395961e37a7.jar E:\svn\Peek2_hk_vlc\app\build\intermediates\exploded-aar\com.android.support\support-media-compat\24.2.0\jars\classes.jar
java_class_path (initial): D:\Sdk\build-tools\24.0.1\lib\dx.jar
Launcher Type: SUN_STANDARD

Environment Variables:
JAVA_HOME=D:\JAVA\jdk1.8
CLASSPATH=.;D:\JAVA\jdk1.8\lib;D:\JAVA\jdk1.8\lib\tools.jar
PATH=C:\ProgramData\Oracle\Java\javapath;C:\Windows\system32;C:\Windows;C:\Windows\System32\Wbem;C:\Windows\System32\WindowsPowerShell\v1.0\;C:\Program Files (x86)\Common Files\microsoft shared\TigerKin;D:\JAVA\jdk1.8\bin;D:\JAVA\jdk1.8\jre\bin;C:\Android;C:\Windows\System32;D:\program files\svn\bin;D:\JAVA\tomcat\lib;D:\JAVA\tomcat\bin;D:\program files\Git\cmd;D:\JAVA\android-ndk-r10b;D:\JAVA\gradle-2.14.1\bin
USERNAME=admin
OS=Windows_NT
PROCESSOR_IDENTIFIER=Intel64 Family 6 Model 94 Stepping 3, GenuineIntel



---------------  S Y S T E M  ---------------

OS: Windows 7 , 64 bit Build 7601 (6.1.7601.23677)

CPU:total 4 (2 cores per cpu, 2 threads per core) family 6 model 94 stepping 3, cmov, cx8, fxsr, mmx, sse, sse2, sse3, ssse3, sse4.1, sse4.2, popcnt, avx, avx2, aes, clmul, erms, 3dnowpref, lzcnt, ht, tsc, tscinvbit, bmi1, bmi2, adx

Memory: 4k page, physical 8266364k(1170480k free), swap 9313080k(4776k free)

vm_info: Java HotSpot(TM) 64-Bit Server VM (25.102-b14) for windows-amd64 JRE (1.8.0_102-b14), built on Jun 22 2016 13:15:21 by "java_re" with MS VC++ 10.0 (VS2010)

time: Tue May 23 10:10:19 2017
elapsed time: 7 seconds (0d 0h 0m 7s)

