#
# There is insufficient memory for the Java Runtime Environment to continue.
# Native memory allocation (malloc) failed to allocate 32744 bytes for ChunkPool::allocate
# Possible reasons:
#   The system is out of physical RAM or swap space
#   In 32 bit mode, the process size limit was hit
# Possible solutions:
#   Reduce memory load on the system
#   Increase physical memory or swap space
#   Check if swap backing store is full
#   Use 64 bit Java on a 64 bit OS
#   Decrease Java heap size (-Xmx/-Xms)
#   Decrease number of Java threads
#   Decrease Java thread stack sizes (-Xss)
#   Set larger code cache with -XX:ReservedCodeCacheSize=
# This output file may be truncated or incomplete.
#
#  Out of Memory Error (allocation.cpp:273), pid=1832, tid=0x00000000000000cc
#
# JRE version: Java(TM) SE Runtime Environment (8.0_102-b14) (build 1.8.0_102-b14)
# Java VM: Java HotSpot(TM) 64-Bit Server VM (25.102-b14 mixed mode windows-amd64 compressed oops)
# Failed to write core dump. Minidumps are not enabled by default on client versions of Windows
#

---------------  T H R E A D  ---------------

Current thread (0x000000005669b800):  JavaThread "C2 CompilerThread0" daemon [_thread_in_native, id=204, stack(0x0000000056e00000,0x0000000056f00000)]

Stack: [0x0000000056e00000,0x0000000056f00000]
[error occurred during error reporting (printing stack bounds), id 0xc0000005]

Native frames: (J=compiled Java code, j=interpreted, Vv=VM code, C=native code)


Current CompileTask:
C2:   7085 1649   !   4       com.android.dx.cf.code.Ropper::processBlock (1101 bytes)


---------------  P R O C E S S  ---------------

Java Threads: ( => current thread )
  0x0000000056955800 JavaThread "pool-1-thread-4" [_thread_blocked, id=7640, stack(0x0000000058470000,0x0000000058570000)]
  0x00000000568c0000 JavaThread "pool-1-thread-3" [_thread_blocked, id=7756, stack(0x0000000058360000,0x0000000058460000)]
  0x00000000568bf800 JavaThread "pool-1-thread-2" [_thread_blocked, id=1820, stack(0x0000000058130000,0x0000000058230000)]
  0x00000000568be800 JavaThread "pool-2-thread-1" [_thread_blocked, id=8184, stack(0x0000000057410000,0x0000000057510000)]
  0x00000000568bb800 JavaThread "pool-1-thread-1" [_thread_blocked, id=3172, stack(0x0000000057f40000,0x0000000058040000)]
  0x0000000056707000 JavaThread "Service Thread" daemon [_thread_blocked, id=6988, stack(0x0000000057310000,0x0000000057410000)]
  0x0000000056703800 JavaThread "C1 CompilerThread2" daemon [_thread_in_vm, id=160, stack(0x0000000057120000,0x0000000057220000)]
  0x00000000566a6800 JavaThread "C2 CompilerThread1" daemon [_thread_blocked, id=6784, stack(0x0000000056fb0000,0x00000000570b0000)]
=>0x000000005669b800 JavaThread "C2 CompilerThread0" daemon [_thread_in_native, id=204, stack(0x0000000056e00000,0x0000000056f00000)]
  0x000000005669a800 JavaThread "Attach Listener" daemon [_thread_blocked, id=7080, stack(0x0000000056330000,0x0000000056430000)]
  0x00000000551ed800 JavaThread "Signal Dispatcher" daemon [_thread_blocked, id=1048, stack(0x0000000056bc0000,0x0000000056cc0000)]
  0x00000000551da000 JavaThread "Finalizer" daemon [_thread_blocked, id=3560, stack(0x0000000056590000,0x0000000056690000)]
  0x0000000055192000 JavaThread "Reference Handler" daemon [_thread_blocked, id=6252, stack(0x0000000056490000,0x0000000056590000)]
  0x000000000266e000 JavaThread "main" [_thread_blocked, id=4852, stack(0x0000000002700000,0x0000000002800000)]

Other Threads:
  0x000000005518a000 VMThread [stack: 0x0000000056230000,0x0000000056330000] [id=7296]
  0x0000000056750000 WatcherThread [stack: 0x0000000056d00000,0x0000000056e00000] [id=5368]

VM state:not at safepoint (normal execution)

VM Mutex/Monitor currently owned by a thread: None

Heap:
 PSYoungGen      total 38400K, used 35338K [0x00000000eab00000, 0x00000000ef600000, 0x0000000100000000)
  eden space 33280K, 90% used [0x00000000eab00000,0x00000000ec882e18,0x00000000ecb80000)
  from space 5120K, 99% used [0x00000000ecb80000,0x00000000ed07fca8,0x00000000ed080000)
  to   space 5120K, 0% used [0x00000000ef100000,0x00000000ef100000,0x00000000ef600000)
 ParOldGen       total 87552K, used 1506K [0x00000000c0000000, 0x00000000c5580000, 0x00000000eab00000)
  object space 87552K, 1% used [0x00000000c0000000,0x00000000c0178bf0,0x00000000c5580000)
 Metaspace       used 6206K, capacity 7092K, committed 7296K, reserved 1056768K
  class space    used 603K, capacity 620K, committed 640K, reserved 1048576K

Card table byte_map: [0x0000000011c90000,0x0000000011ea0000] byte_map_base: 0x0000000011690000

Marking Bits: (ParMarkBitMap*) 0x0000000057e6a6c0
 Begin Bits: [0x0000000012600000, 0x0000000013600000)
 End Bits:   [0x0000000013600000, 0x0000000014600000)

Polling page: 0x0000000000140000

CodeCache: size=245760Kb used=7265Kb max_used=7280Kb free=238494Kb
 bounds [0x00000000028d0000, 0x0000000003000000, 0x00000000118d0000]
 total_blobs=1924 nmethods=1653 adapters=184
 compilation: enabled

Compilation events (10 events):
Event: 6.822 Thread 0x00000000566a6800 1652       4       com.android.dx.rop.code.BasicBlockList$RegCountVisitor::visitThrowingCstInsn (6 bytes)
Event: 6.826 Thread 0x00000000566a6800 nmethod 1652 0x0000000002fe3990 code [0x0000000002fe3b00, 0x0000000002fe3db8]
Event: 6.826 Thread 0x00000000566a6800 1653       4       com.android.dx.dex.code.RopTranslator$LocalVariableAwareTranslationVisitor::visitPlainInsn (11 bytes)
Event: 6.854 Thread 0x0000000056703800 1655       3       java.util.Collections$UnmodifiableList::get (11 bytes)
Event: 6.854 Thread 0x0000000056703800 nmethod 1655 0x0000000002fdf750 code [0x0000000002fdf8c0, 0x0000000002fdfae8]
Event: 6.870 Thread 0x00000000566a6800 nmethod 1653 0x0000000002feff10 code [0x0000000002ff01a0, 0x0000000002ff1d00]
Event: 6.870 Thread 0x00000000566a6800 1654       4       com.android.dx.dex.code.RopTranslator$TranslationVisitor::visitPlainInsn (161 bytes)
Event: 6.899 Thread 0x00000000566a6800 nmethod 1654 0x0000000002ff4750 code [0x0000000002ff4980, 0x0000000002ff5e68]
Event: 6.950 Thread 0x0000000056703800 1656       1       com.android.dx.cf.attrib.InnerClassList$Item::getOuterClass (5 bytes)
Event: 6.950 Thread 0x0000000056703800 nmethod 1656 0x0000000002fd5550 code [0x0000000002fd56a0, 0x0000000002fd57b0]

GC Heap History (2 events):
Event: 2.424 GC heap before
{Heap before GC invocations=1 (full 0):
 PSYoungGen      total 38400K, used 33280K [0x00000000eab00000, 0x00000000ed580000, 0x0000000100000000)
  eden space 33280K, 100% used [0x00000000eab00000,0x00000000ecb80000,0x00000000ecb80000)
  from space 5120K, 0% used [0x00000000ed080000,0x00000000ed080000,0x00000000ed580000)
  to   space 5120K, 0% used [0x00000000ecb80000,0x00000000ecb80000,0x00000000ed080000)
 ParOldGen       total 87552K, used 0K [0x00000000c0000000, 0x00000000c5580000, 0x00000000eab00000)
  object space 87552K, 0% used [0x00000000c0000000,0x00000000c0000000,0x00000000c5580000)
 Metaspace       used 5985K, capacity 6900K, committed 7040K, reserved 1056768K
  class space    used 602K, capacity 620K, committed 640K, reserved 1048576K
Event: 2.722 GC heap after
Heap after GC invocations=1 (full 0):
 PSYoungGen      total 38400K, used 5119K [0x00000000eab00000, 0x00000000ef600000, 0x0000000100000000)
  eden space 33280K, 0% used [0x00000000eab00000,0x00000000eab00000,0x00000000ecb80000)
  from space 5120K, 99% used [0x00000000ecb80000,0x00000000ed07fca8,0x00000000ed080000)
  to   space 5120K, 0% used [0x00000000ef100000,0x00000000ef100000,0x00000000ef600000)
 ParOldGen       total 87552K, used 1506K [0x00000000c0000000, 0x00000000c5580000, 0x00000000eab00000)
  object space 87552K, 1% used [0x00000000c0000000,0x00000000c0178bf0,0x00000000c5580000)
 Metaspace       used 5985K, capacity 6900K, committed 7040K, reserved 1056768K
  class space    used 602K, capacity 620K, committed 640K, reserved 1048576K
}

Deoptimization events (10 events):
Event: 3.252 Thread 0x00000000568bb800 Uncommon trap: reason=unstable_if action=reinterpret pc=0x0000000002d575a4 method=com.android.dx.ssa.SsaRenamer$BlockRenamer.process()V @ 90
Event: 4.459 Thread 0x000000000266e000 Uncommon trap: reason=unloaded action=reinterpret pc=0x0000000002dbf92c method=com.android.dx.cf.cst.ConstantPoolParser.parse0(ILjava/util/BitSet;)Lcom/android/dx/rop/cst/Constant; @ 220
Event: 4.788 Thread 0x00000000568c0000 Uncommon trap: reason=unstable_if action=reinterpret pc=0x0000000002ce4d34 method=com.android.dx.ssa.SCCP.simulateStmt(Lcom/android/dx/ssa/SsaInsn;)V @ 53
Event: 4.790 Thread 0x00000000568c0000 Uncommon trap: reason=class_check action=maybe_recompile pc=0x0000000002edd5dc method=com.android.dx.cf.code.RopperMachine.run(Lcom/android/dx/cf/code/Frame;II)V @ 310
Event: 4.792 Thread 0x00000000568c0000 Uncommon trap: reason=unstable_if action=reinterpret pc=0x0000000002e50774 method=com.android.dx.rop.code.RegisterSpec.equals(ILcom/android/dx/rop/type/TypeBearer;Lcom/android/dx/rop/code/LocalItem;)Z @ 42
Event: 4.792 Thread 0x00000000568c0000 Uncommon trap: reason=unstable_if action=reinterpret pc=0x0000000002b620ec method=com.android.dx.rop.code.RegisterSpec.equals(ILcom/android/dx/rop/type/TypeBearer;Lcom/android/dx/rop/code/LocalItem;)Z @ 42
Event: 4.797 Thread 0x00000000568c0000 Uncommon trap: reason=class_check action=maybe_recompile pc=0x0000000002edd5dc method=com.android.dx.cf.code.RopperMachine.run(Lcom/android/dx/cf/code/Frame;II)V @ 310
Event: 5.049 Thread 0x00000000568c0000 Uncommon trap: reason=class_check action=maybe_recompile pc=0x0000000002edd5dc method=com.android.dx.cf.code.RopperMachine.run(Lcom/android/dx/cf/code/Frame;II)V @ 310
Event: 5.049 Thread 0x00000000568c0000 Uncommon trap: reason=class_check action=maybe_recompile pc=0x0000000002edd5dc method=com.android.dx.cf.code.RopperMachine.run(Lcom/android/dx/cf/code/Frame;II)V @ 310
Event: 6.414 Thread 0x00000000568c0000 Uncommon trap: reason=unstable_if action=reinterpret pc=0x0000000002beffc4 method=com.android.dx.rop.cst.Constant.compareTo(Lcom/android/dx/rop/cst/Constant;)I @ 12

Internal exceptions (5 events):
Event: 0.115 Thread 0x000000000266e000 Exception <a 'java/lang/NoSuchMethodError': Method sun.misc.Unsafe.defineClass(Ljava/lang/String;[BII)Ljava/lang/Class; name or signature does not match> (0x00000000eab07c78) thrown at [C:\re\workspace\8-2-build-windows-amd64-cygwin\jdk8u102\7268\hotspot\s®ÅbEdΩ?
Event: 0.115 Thread 0x000000000266e000 Exception <a 'java/lang/NoSuchMethodError': Method sun.misc.Unsafe.prefetchRead(Ljava/lang/Object;J)V name or signature does not match> (0x00000000eab07f60) thrown at [C:\re\workspace\8-2-build-windows-amd64-cygwin\jdk8u102\7268\hotspot\src\share\vm\prims\j6Äçó¯?
Event: 1.537 Thread 0x00000000568bb800 Implicit null exception at 0x0000000002b3815e to 0x0000000002b397f1
Event: 1.732 Thread 0x00000000568bf800 Implicit null exception at 0x0000000002b57429 to 0x0000000002b58c91
Event: 1.876 Thread 0x000000000266e000 Implicit null exception at 0x0000000002b4d452 to 0x0000000002b4d54a

Events (10 events):
Event: 4.797 Thread 0x00000000568c0000 DEOPT UNPACKING pc=0x000000000291582a sp=0x000000005845e850 mode 2
Event: 5.049 Thread 0x00000000568c0000 Uncommon trap: trap_request=0xffffffde fr.pc=0x0000000002edd5dc
Event: 5.049 Thread 0x00000000568c0000 DEOPT PACKING pc=0x0000000002edd5dc sp=0x000000005845e8a0
Event: 5.049 Thread 0x00000000568c0000 DEOPT UNPACKING pc=0x000000000291582a sp=0x000000005845e850 mode 2
Event: 5.049 Thread 0x00000000568c0000 Uncommon trap: trap_request=0xffffffde fr.pc=0x0000000002edd5dc
Event: 5.049 Thread 0x00000000568c0000 DEOPT PACKING pc=0x0000000002edd5dc sp=0x000000005845e8a0
Event: 5.049 Thread 0x00000000568c0000 DEOPT UNPACKING pc=0x000000000291582a sp=0x000000005845e850 mode 2
Event: 6.414 Thread 0x00000000568c0000 Uncommon trap: trap_request=0xffffff65 fr.pc=0x0000000002beffc4
Event: 6.414 Thread 0x00000000568c0000 DEOPT PACKING pc=0x0000000002beffc4 sp=0x000000005845e750
Event: 6.414 Thread 0x00000000568c0000 DEOPT UNPACKING pc=0x000000000291582a sp=0x000000005845e6f0 mode 2


Dynamic libraries:
0x000000013ff20000 - 0x000000013ff57000 	D:\JAVA\jdk1.8\bin\java.exe
0x0000000077940000 - 0x0000000077aea000 	C:\Windows\SYSTEM32\ntdll.dll
0x0000000077820000 - 0x000000007793f000 	C:\Windows\system32\kernel32.dll
0x000007fefdb10000 - 0x000007fefdb7a000 	C:\Windows\system32\KERNELBASE.dll
0x000007fefe290000 - 0x000007fefe36b000 	C:\Windows\system32\ADVAPI32.dll
0x000007feff9b0000 - 0x000007feffa4f000 	C:\Windows\system32\msvcrt.dll
0x000007feff750000 - 0x000007feff76f000 	C:\Windows\SYSTEM32\sechost.dll
0x000007feff880000 - 0x000007feff9ad000 	C:\Windows\system32\RPCRT4.dll
0x0000000077720000 - 0x000000007781a000 	C:\Windows\system32\USER32.dll
0x000007feffad0000 - 0x000007feffb37000 	C:\Windows\system32\GDI32.dll
0x000007feff740000 - 0x000007feff74e000 	C:\Windows\system32\LPK.dll
0x000007fefe370000 - 0x000007fefe43a000 	C:\Windows\system32\USP10.dll
0x000007fefc0d0000 - 0x000007fefc2c4000 	C:\Windows\WinSxS\amd64_microsoft.windows.common-controls_6595b64144ccf1df_6.0.7601.17514_none_fa396087175ac9ac\COMCTL32.dll
0x000007feffa50000 - 0x000007feffac1000 	C:\Windows\system32\SHLWAPI.dll
0x000007feff710000 - 0x000007feff73e000 	C:\Windows\system32\IMM32.DLL
0x000007feffb40000 - 0x000007feffc49000 	C:\Windows\system32\MSCTF.dll
0x00000000640f0000 - 0x00000000641c1000 	D:\JAVA\jdk1.8\jre\bin\msvcr100.dll
0x0000000057650000 - 0x0000000057eea000 	D:\JAVA\jdk1.8\jre\bin\server\jvm.dll
0x000007fefaef0000 - 0x000007fefaef9000 	C:\Windows\system32\WSOCK32.dll
0x000007fefdc60000 - 0x000007fefdcad000 	C:\Windows\system32\WS2_32.dll
0x000007feff770000 - 0x000007feff778000 	C:\Windows\system32\NSI.dll
0x000007fefb4e0000 - 0x000007fefb51b000 	C:\Windows\system32\WINMM.dll
0x000007fefc9f0000 - 0x000007fefc9fc000 	C:\Windows\system32\VERSION.dll
0x0000000077b00000 - 0x0000000077b07000 	C:\Windows\system32\PSAPI.DLL
0x00000000679c0000 - 0x00000000679cf000 	D:\JAVA\jdk1.8\jre\bin\verify.dll
0x0000000064280000 - 0x00000000642a9000 	D:\JAVA\jdk1.8\jre\bin\java.dll
0x0000000064260000 - 0x0000000064276000 	D:\JAVA\jdk1.8\jre\bin\zip.dll
0x000007fefe440000 - 0x000007feff1c8000 	C:\Windows\system32\SHELL32.dll
0x000007feff380000 - 0x000007feff583000 	C:\Windows\system32\ole32.dll
0x000007fefd890000 - 0x000007fefd89f000 	C:\Windows\system32\profapi.dll

VM Arguments:
jvm_args: -Djava.awt.headless=true -Xmx1024M -Dfile.encoding=GBK -Duser.country=CN -Duser.language=zh -Duser.variant 
java_command: com.android.dx.command.Main --dex --num-threads=4 --output E:\svn\Peek2_hk_vlc\app\build\intermediates\pre-dexed\debug\gson-2.6.2_0d722173f84303f98c49f0c7315c75a78bb890c0.jar E:\svn\Peek2_hk_vlc\app\libs\gson-2.6.2.jar
java_class_path (initial): D:\Sdk\build-tools\24.0.1\lib\dx.jar
Launcher Type: SUN_STANDARD

Environment Variables:
JAVA_HOME=D:\JAVA\jdk1.8
CLASSPATH=.;D:\JAVA\jdk1.8\lib;D:\JAVA\jdk1.8\lib\tools.jar
PATH=C:\ProgramData\Oracle\Java\javapath;C:\Windows\system32;C:\Windows;C:\Windows\System32\Wbem;C:\Windows\System32\WindowsPowerShell\v1.0\;C:\Program Files (x86)\Common Files\microsoft shared\TigerKin;D:\JAVA\jdk1.8\bin;D:\JAVA\jdk1.8\jre\bin;C:\Android;C:\Windows\System32;D:\program files\svn\bin;D:\JAVA\tomcat\lib;D:\JAVA\tomcat\bin;D:\program files\Git\cmd;D:\JAVA\android-ndk-r10b;D:\JAVA\gradle-2.14.1\bin
USERNAME=admin
OS=Windows_NT
PROCESSOR_IDENTIFIER=Intel64 Family 6 Model 94 Stepping 3, GenuineIntel



---------------  S Y S T E M  ---------------

OS: Windows 7 , 64 bit Build 7601 (6.1.7601.23677)

CPU:total 4 (2 cores per cpu, 2 threads per core) family 6 model 94 stepping 3, cmov, cx8, fxsr, mmx, sse, sse2, sse3, ssse3, sse4.1, sse4.2, popcnt, avx, avx2, aes, clmul, erms, 3dnowpref, lzcnt, ht, tsc, tscinvbit, bmi1, bmi2, adx

Memory: 4k page, physical 8266364k(1170472k free), swap 9313080k(4840k free)

vm_info: Java HotSpot(TM) 64-Bit Server VM (25.102-b14) for windows-amd64 JRE (1.8.0_102-b14), built on Jun 22 2016 13:15:21 by "java_re" with MS VC++ 10.0 (VS2010)

time: Tue May 23 10:10:19 2017
elapsed time: 7 seconds (0d 0h 0m 7s)

