#
# There is insufficient memory for the Java Runtime Environment to continue.
# Native memory allocation (malloc) failed to allocate 472176 bytes for Chunk::new
# Possible reasons:
#   The system is out of physical RAM or swap space
#   In 32 bit mode, the process size limit was hit
# Possible solutions:
#   Reduce memory load on the system
#   Increase physical memory or swap space
#   Check if swap backing store is full
#   Use 64 bit Java on a 64 bit OS
#   Decrease Java heap size (-Xmx/-Xms)
#   Decrease number of Java threads
#   Decrease Java thread stack sizes (-Xss)
#   Set larger code cache with -XX:ReservedCodeCacheSize=
# This output file may be truncated or incomplete.
#
#  Out of Memory Error (allocation.cpp:390), pid=8076, tid=0x0000000000001604
#
# JRE version: Java(TM) SE Runtime Environment (8.0_102-b14) (build 1.8.0_102-b14)
# Java VM: Java HotSpot(TM) 64-Bit Server VM (25.102-b14 mixed mode windows-amd64 compressed oops)
# Failed to write core dump. Minidumps are not enabled by default on client versions of Windows
#

---------------  T H R E A D  ---------------

Current thread (0x0000000055319000):  JavaThread "C2 CompilerThread0" daemon [_thread_in_native, id=5636, stack(0x0000000056c80000,0x0000000056d80000)]

Stack: [0x0000000056c80000,0x0000000056d80000]
[error occurred during error reporting (printing stack bounds), id 0xc0000005]

Native frames: (J=compiled Java code, j=interpreted, Vv=VM code, C=native code)


Current CompileTask:
C2:   2990 1305   !   4       com.android.dx.cf.code.BytecodeArray::parseInstruction (2764 bytes)


---------------  P R O C E S S  ---------------

Java Threads: ( => current thread )
  0x0000000057f38800 JavaThread "pool-1-thread-4" [_thread_blocked, id=6088, stack(0x0000000058a70000,0x0000000058b70000)]
  0x0000000057f81800 JavaThread "pool-1-thread-3" [_thread_blocked, id=6608, stack(0x00000000588d0000,0x00000000589d0000)]
  0x0000000057f80000 JavaThread "pool-1-thread-2" [_thread_blocked, id=2260, stack(0x0000000058740000,0x0000000058840000)]
  0x000000005682d000 JavaThread "pool-2-thread-1" [_thread_blocked, id=4180, stack(0x0000000057540000,0x0000000057640000)]
  0x0000000056780800 JavaThread "pool-1-thread-1" [_thread_blocked, id=6992, stack(0x0000000057290000,0x0000000057390000)]
  0x0000000056608000 JavaThread "Service Thread" daemon [_thread_blocked, id=5024, stack(0x0000000057170000,0x0000000057270000)]
  0x0000000056604800 JavaThread "C1 CompilerThread2" daemon [_thread_blocked, id=5412, stack(0x0000000057040000,0x0000000057140000)]
  0x0000000056604000 JavaThread "C2 CompilerThread1" daemon [_thread_in_native, id=6428, stack(0x0000000056e90000,0x0000000056f90000)]
=>0x0000000055319000 JavaThread "C2 CompilerThread0" daemon [_thread_in_native, id=5636, stack(0x0000000056c80000,0x0000000056d80000)]
  0x00000000565a1000 JavaThread "Attach Listener" daemon [_thread_blocked, id=3784, stack(0x0000000056b50000,0x0000000056c50000)]
  0x00000000565a0800 JavaThread "Signal Dispatcher" daemon [_thread_blocked, id=4416, stack(0x0000000056a00000,0x0000000056b00000)]
  0x00000000552f9800 JavaThread "Finalizer" daemon [_thread_blocked, id=4928, stack(0x0000000056370000,0x0000000056470000)]
  0x00000000552b7800 JavaThread "Reference Handler" daemon [_thread_blocked, id=7988, stack(0x0000000056490000,0x0000000056590000)]
  0x000000000251e000 JavaThread "main" [_thread_blocked, id=7036, stack(0x0000000002890000,0x0000000002990000)]

Other Threads:
  0x00000000552ae000 VMThread [stack: 0x0000000056240000,0x0000000056340000] [id=7780]
  0x000000005660b000 WatcherThread [stack: 0x00000000573e0000,0x00000000574e0000] [id=3824]

VM state:not at safepoint (normal execution)

VM Mutex/Monitor currently owned by a thread: None

Heap:
 PSYoungGen      total 38400K, used 18406K [0x00000000eab00000, 0x00000000ef600000, 0x0000000100000000)
  eden space 33280K, 39% used [0x00000000eab00000,0x00000000eb7f9ec8,0x00000000ecb80000)
  from space 5120K, 99% used [0x00000000ecb80000,0x00000000ed07faa0,0x00000000ed080000)
  to   space 5120K, 0% used [0x00000000ef100000,0x00000000ef100000,0x00000000ef600000)
 ParOldGen       total 87552K, used 730K [0x00000000c0000000, 0x00000000c5580000, 0x00000000eab00000)
  object space 87552K, 0% used [0x00000000c0000000,0x00000000c00b68e8,0x00000000c5580000)
 Metaspace       used 6102K, capacity 6960K, committed 7040K, reserved 1056768K
  class space    used 596K, capacity 616K, committed 640K, reserved 1048576K

Card table byte_map: [0x0000000011d50000,0x0000000011f60000] byte_map_base: 0x0000000011750000

Marking Bits: (ParMarkBitMap*) 0x0000000057e6a6c0
 Begin Bits: [0x0000000012720000, 0x0000000013720000)
 End Bits:   [0x0000000013720000, 0x0000000014720000)

Polling page: 0x0000000000240000

CodeCache: size=245760Kb used=5419Kb max_used=5419Kb free=240340Kb
 bounds [0x0000000002990000, 0x0000000002ee0000, 0x0000000011990000]
 total_blobs=1580 nmethods=1309 adapters=184
 compilation: enabled

Compilation events (10 events):
Event: 2.961 Thread 0x0000000056604800 1308       3       com.android.dx.ssa.SsaMethod::getCountReachableBlocks (44 bytes)
Event: 2.962 Thread 0x0000000056604800 nmethod 1308 0x0000000002ed9e10 code [0x0000000002ed9fe0, 0x0000000002eda858]
Event: 2.962 Thread 0x0000000056604800 1309       3       com.android.dx.ssa.DomFront::buildDomTree (72 bytes)
Event: 2.963 Thread 0x0000000056604800 nmethod 1309 0x0000000002edac10 code [0x0000000002edae60, 0x0000000002edbc88]
Event: 2.963 Thread 0x0000000056604800 1310       3       com.android.dx.dex.cf.AttributeTranslator::getMethodAnnotations (37 bytes)
Event: 2.964 Thread 0x0000000056604800 nmethod 1310 0x0000000002edc750 code [0x0000000002edca40, 0x0000000002eddff8]
Event: 2.964 Thread 0x0000000056604800 1311       3       com.android.dx.ssa.LocalVariableExtractor::doit (59 bytes)
Event: 2.965 Thread 0x0000000056604800 nmethod 1311 0x0000000002edec50 code [0x0000000002edee00, 0x0000000002edf328]
Event: 2.965 Thread 0x0000000056604800 1312       3       com.android.dx.rop.cst.CstKnownNull::equals (5 bytes)
Event: 2.966 Thread 0x0000000056604800 nmethod 1312 0x0000000002edf510 code [0x0000000002edf660, 0x0000000002edf8b0]

GC Heap History (2 events):
Event: 2.026 GC heap before
{Heap before GC invocations=1 (full 0):
 PSYoungGen      total 38400K, used 33280K [0x00000000eab00000, 0x00000000ed580000, 0x0000000100000000)
  eden space 33280K, 100% used [0x00000000eab00000,0x00000000ecb80000,0x00000000ecb80000)
  from space 5120K, 0% used [0x00000000ed080000,0x00000000ed080000,0x00000000ed580000)
  to   space 5120K, 0% used [0x00000000ecb80000,0x00000000ecb80000,0x00000000ed080000)
 ParOldGen       total 87552K, used 0K [0x00000000c0000000, 0x00000000c5580000, 0x00000000eab00000)
  object space 87552K, 0% used [0x00000000c0000000,0x00000000c0000000,0x00000000c5580000)
 Metaspace       used 5921K, capacity 6832K, committed 7040K, reserved 1056768K
  class space    used 596K, capacity 616K, committed 640K, reserved 1048576K
Event: 2.429 GC heap after
Heap after GC invocations=1 (full 0):
 PSYoungGen      total 38400K, used 5118K [0x00000000eab00000, 0x00000000ef600000, 0x0000000100000000)
  eden space 33280K, 0% used [0x00000000eab00000,0x00000000eab00000,0x00000000ecb80000)
  from space 5120K, 99% used [0x00000000ecb80000,0x00000000ed07faa0,0x00000000ed080000)
  to   space 5120K, 0% used [0x00000000ef100000,0x00000000ef100000,0x00000000ef600000)
 ParOldGen       total 87552K, used 730K [0x00000000c0000000, 0x00000000c5580000, 0x00000000eab00000)
  object space 87552K, 0% used [0x00000000c0000000,0x00000000c00b68e8,0x00000000c5580000)
 Metaspace       used 5921K, capacity 6832K, committed 7040K, reserved 1056768K
  class space    used 596K, capacity 616K, committed 640K, reserved 1048576K
}

Deoptimization events (10 events):
Event: 1.572 Thread 0x0000000057f80000 Uncommon trap: reason=bimorphic action=maybe_recompile pc=0x0000000002be4700 method=com.android.dx.rop.code.RegisterSpec.equals(ILcom/android/dx/rop/type/TypeBearer;Lcom/android/dx/rop/code/LocalItem;)Z @ 13
Event: 1.573 Thread 0x0000000057f80000 Uncommon trap: reason=bimorphic action=maybe_recompile pc=0x0000000002bf8960 method=com.android.dx.rop.code.RegisterSpec.getCategory()I @ 4
Event: 1.573 Thread 0x0000000057f80000 Uncommon trap: reason=class_check action=maybe_recompile pc=0x0000000002bec3c0 method=com.android.dx.ssa.NormalSsaInsn.accept(Lcom/android/dx/ssa/SsaInsn$Visitor;)V @ 9
Event: 1.573 Thread 0x0000000057f80000 Uncommon trap: reason=class_check action=maybe_recompile pc=0x0000000002bec3c0 method=com.android.dx.ssa.NormalSsaInsn.accept(Lcom/android/dx/ssa/SsaInsn$Visitor;)V @ 9
Event: 1.668 Thread 0x000000000251e000 Uncommon trap: reason=unstable_if action=reinterpret pc=0x0000000002af8298 method=java.lang.String.startsWith(Ljava/lang/String;I)Z @ 25
Event: 1.692 Thread 0x0000000056780800 Uncommon trap: reason=bimorphic action=maybe_recompile pc=0x0000000002c5b248 method=com.android.dx.rop.code.RegisterSpec.hashCodeOf(ILcom/android/dx/rop/type/TypeBearer;Lcom/android/dx/rop/code/LocalItem;)I @ 18
Event: 1.693 Thread 0x0000000056780800 Uncommon trap: reason=bimorphic action=maybe_recompile pc=0x0000000002c5b248 method=com.android.dx.rop.code.RegisterSpec.hashCodeOf(ILcom/android/dx/rop/type/TypeBearer;Lcom/android/dx/rop/code/LocalItem;)I @ 18
Event: 1.693 Thread 0x0000000056780800 Uncommon trap: reason=bimorphic action=maybe_recompile pc=0x0000000002c5b248 method=com.android.dx.rop.code.RegisterSpec.hashCodeOf(ILcom/android/dx/rop/type/TypeBearer;Lcom/android/dx/rop/code/LocalItem;)I @ 18
Event: 1.693 Thread 0x0000000056780800 Uncommon trap: reason=bimorphic action=maybe_recompile pc=0x0000000002c5b248 method=com.android.dx.rop.code.RegisterSpec.hashCodeOf(ILcom/android/dx/rop/type/TypeBearer;Lcom/android/dx/rop/code/LocalItem;)I @ 18
Event: 1.814 Thread 0x0000000057f38800 Uncommon trap: reason=unstable_if action=reinterpret pc=0x0000000002ce9d70 method=com.android.dx.rop.code.RegisterSpec.withReg(I)Lcom/android/dx/rop/code/RegisterSpec; @ 5

Internal exceptions (2 events):
Event: 0.120 Thread 0x000000000251e000 Exception <a 'java/lang/NoSuchMethodError': Method sun.misc.Unsafe.defineClass(Ljava/lang/String;[BII)Ljava/lang/Class; name or signature does not match> (0x00000000eab07c78) thrown at [C:\re\workspace\8-2-build-windows-amd64-cygwin\jdk8u102\7268\hotspot\s=ù–%Ò¾?
Event: 0.120 Thread 0x000000000251e000 Exception <a 'java/lang/NoSuchMethodError': Method sun.misc.Unsafe.prefetchRead(Ljava/lang/Object;J)V name or signature does not match> (0x00000000eab07f60) thrown at [C:\re\workspace\8-2-build-windows-amd64-cygwin\jdk8u102\7268\hotspot\src\share\vm\prims\

Events (10 events):
Event: 1.693 Thread 0x0000000056780800 DEOPT PACKING pc=0x0000000002c5b248 sp=0x000000005738e610
Event: 1.693 Thread 0x0000000056780800 DEOPT UNPACKING pc=0x00000000029d582a sp=0x000000005738e5a0 mode 2
Event: 1.693 Thread 0x0000000056780800 Uncommon trap: trap_request=0xffffffc6 fr.pc=0x0000000002c5b248
Event: 1.693 Thread 0x0000000056780800 DEOPT PACKING pc=0x0000000002c5b248 sp=0x000000005738e610
Event: 1.693 Thread 0x0000000056780800 DEOPT UNPACKING pc=0x00000000029d582a sp=0x000000005738e5a0 mode 2
Event: 1.814 Thread 0x0000000057f38800 Uncommon trap: trap_request=0xffffff65 fr.pc=0x0000000002ce9d70
Event: 1.814 Thread 0x0000000057f38800 DEOPT PACKING pc=0x0000000002ce9d70 sp=0x0000000058b6e900
Event: 1.814 Thread 0x0000000057f38800 DEOPT UNPACKING pc=0x00000000029d582a sp=0x0000000058b6e830 mode 2
Event: 2.026 Executing VM operation: ParallelGCFailedAllocation
Event: 2.429 Executing VM operation: ParallelGCFailedAllocation done


Dynamic libraries:
0x000000013ff20000 - 0x000000013ff57000 	D:\JAVA\jdk1.8\bin\java.exe
0x0000000077940000 - 0x0000000077aea000 	C:\Windows\SYSTEM32\ntdll.dll
0x0000000077820000 - 0x000000007793f000 	C:\Windows\system32\kernel32.dll
0x000007fefdb10000 - 0x000007fefdb7a000 	C:\Windows\system32\KERNELBASE.dll
0x000007fefe290000 - 0x000007fefe36b000 	C:\Windows\system32\ADVAPI32.dll
0x000007feff9b0000 - 0x000007feffa4f000 	C:\Windows\system32\msvcrt.dll
0x000007feff750000 - 0x000007feff76f000 	C:\Windows\SYSTEM32\sechost.dll
0x000007feff880000 - 0x000007feff9ad000 	C:\Windows\system32\RPCRT4.dll
0x0000000077720000 - 0x000000007781a000 	C:\Windows\system32\USER32.dll
0x000007feffad0000 - 0x000007feffb37000 	C:\Windows\system32\GDI32.dll
0x000007feff740000 - 0x000007feff74e000 	C:\Windows\system32\LPK.dll
0x000007fefe370000 - 0x000007fefe43a000 	C:\Windows\system32\USP10.dll
0x000007fefc0d0000 - 0x000007fefc2c4000 	C:\Windows\WinSxS\amd64_microsoft.windows.common-controls_6595b64144ccf1df_6.0.7601.17514_none_fa396087175ac9ac\COMCTL32.dll
0x000007feffa50000 - 0x000007feffac1000 	C:\Windows\system32\SHLWAPI.dll
0x000007feff710000 - 0x000007feff73e000 	C:\Windows\system32\IMM32.DLL
0x000007feffb40000 - 0x000007feffc49000 	C:\Windows\system32\MSCTF.dll
0x00000000640f0000 - 0x00000000641c1000 	D:\JAVA\jdk1.8\jre\bin\msvcr100.dll
0x0000000057650000 - 0x0000000057eea000 	D:\JAVA\jdk1.8\jre\bin\server\jvm.dll
0x000007fefaef0000 - 0x000007fefaef9000 	C:\Windows\system32\WSOCK32.dll
0x000007fefdc60000 - 0x000007fefdcad000 	C:\Windows\system32\WS2_32.dll
0x000007feff770000 - 0x000007feff778000 	C:\Windows\system32\NSI.dll
0x000007fefb4e0000 - 0x000007fefb51b000 	C:\Windows\system32\WINMM.dll
0x000007fefc9f0000 - 0x000007fefc9fc000 	C:\Windows\system32\VERSION.dll
0x0000000077b00000 - 0x0000000077b07000 	C:\Windows\system32\PSAPI.DLL
0x00000000679c0000 - 0x00000000679cf000 	D:\JAVA\jdk1.8\jre\bin\verify.dll
0x0000000064280000 - 0x00000000642a9000 	D:\JAVA\jdk1.8\jre\bin\java.dll
0x0000000064260000 - 0x0000000064276000 	D:\JAVA\jdk1.8\jre\bin\zip.dll
0x000007fefe440000 - 0x000007feff1c8000 	C:\Windows\system32\SHELL32.dll
0x000007feff380000 - 0x000007feff583000 	C:\Windows\system32\ole32.dll
0x000007fefd890000 - 0x000007fefd89f000 	C:\Windows\system32\profapi.dll

VM Arguments:
jvm_args: -Djava.awt.headless=true -Xmx1024M -Dfile.encoding=GBK -Duser.country=CN -Duser.language=zh -Duser.variant 
java_command: com.android.dx.command.Main --dex --num-threads=4 --output E:\svn\Peek2_hk_vlc\app\build\intermediates\pre-dexed\debug\org.apache.http.legacy_bbb35fc1ae01951f65c304e8811246804a82a9a1.jar E:\svn\Peek2_hk_vlc\app\libs\org.apache.http.legacy.jar
java_class_path (initial): D:\Sdk\build-tools\24.0.1\lib\dx.jar
Launcher Type: SUN_STANDARD

Environment Variables:
JAVA_HOME=D:\JAVA\jdk1.8
CLASSPATH=.;D:\JAVA\jdk1.8\lib;D:\JAVA\jdk1.8\lib\tools.jar
PATH=C:\ProgramData\Oracle\Java\javapath;C:\Windows\system32;C:\Windows;C:\Windows\System32\Wbem;C:\Windows\System32\WindowsPowerShell\v1.0\;C:\Program Files (x86)\Common Files\microsoft shared\TigerKin;D:\JAVA\jdk1.8\bin;D:\JAVA\jdk1.8\jre\bin;C:\Android;C:\Windows\System32;D:\program files\svn\bin;D:\JAVA\tomcat\lib;D:\JAVA\tomcat\bin;D:\program files\Git\cmd;D:\JAVA\android-ndk-r10b;D:\JAVA\gradle-2.14.1\bin
USERNAME=admin
OS=Windows_NT
PROCESSOR_IDENTIFIER=Intel64 Family 6 Model 94 Stepping 3, GenuineIntel



---------------  S Y S T E M  ---------------

OS: Windows 7 , 64 bit Build 7601 (6.1.7601.23677)

CPU:total 4 (2 cores per cpu, 2 threads per core) family 6 model 94 stepping 3, cmov, cx8, fxsr, mmx, sse, sse2, sse3, ssse3, sse4.1, sse4.2, popcnt, avx, avx2, aes, clmul, erms, 3dnowpref, lzcnt, ht, tsc, tscinvbit, bmi1, bmi2, adx

Memory: 4k page, physical 8266364k(1291480k free), swap 9313080k(5052k free)

vm_info: Java HotSpot(TM) 64-Bit Server VM (25.102-b14) for windows-amd64 JRE (1.8.0_102-b14), built on Jun 22 2016 13:15:21 by "java_re" with MS VC++ 10.0 (VS2010)

time: Tue May 23 10:11:06 2017
elapsed time: 3 seconds (0d 0h 0m 3s)

