#
# There is insufficient memory for the Java Runtime Environment to continue.
# Native memory allocation (malloc) failed to allocate 34544 bytes for Chunk::new
# Possible reasons:
#   The system is out of physical RAM or swap space
#   In 32 bit mode, the process size limit was hit
# Possible solutions:
#   Reduce memory load on the system
#   Increase physical memory or swap space
#   Check if swap backing store is full
#   Use 64 bit Java on a 64 bit OS
#   Decrease Java heap size (-Xmx/-Xms)
#   Decrease number of Java threads
#   Decrease Java thread stack sizes (-Xss)
#   Set larger code cache with -XX:ReservedCodeCacheSize=
# This output file may be truncated or incomplete.
#
#  Out of Memory Error (allocation.cpp:390), pid=6444, tid=0x0000000000000190
#
# JRE version: Java(TM) SE Runtime Environment (8.0_102-b14) (build 1.8.0_102-b14)
# Java VM: Java HotSpot(TM) 64-Bit Server VM (25.102-b14 mixed mode windows-amd64 compressed oops)
# Failed to write core dump. Minidumps are not enabled by default on client versions of Windows
#

---------------  T H R E A D  ---------------

Current thread (0x00000000551bd000):  JavaThread "C2 CompilerThread0" daemon [_thread_in_native, id=400, stack(0x0000000056cd0000,0x0000000056dd0000)]

Stack: [0x0000000056cd0000,0x0000000056dd0000]
[error occurred during error reporting (printing stack bounds), id 0xc0000005]

Native frames: (J=compiled Java code, j=interpreted, Vv=VM code, C=native code)


Current CompileTask:
C2:   5017 1575   !   4       com.android.dx.cf.code.BytecodeArray::parseInstruction (2764 bytes)


---------------  P R O C E S S  ---------------

Java Threads: ( => current thread )
  0x00000000568d8000 JavaThread "pool-1-thread-4" [_thread_blocked, id=7664, stack(0x0000000057550000,0x0000000057650000)]
  0x00000000568b9800 JavaThread "pool-1-thread-3" [_thread_blocked, id=8064, stack(0x0000000057fc0000,0x00000000580c0000)]
  0x00000000567b0800 JavaThread "pool-1-thread-2" [_thread_blocked, id=3444, stack(0x00000000569d0000,0x0000000056ad0000)]
  0x000000005685a000 JavaThread "pool-2-thread-1" [_thread_blocked, id=2288, stack(0x0000000057430000,0x0000000057530000)]
  0x000000005684b000 JavaThread "pool-1-thread-1" [_thread_in_Java, id=7964, stack(0x0000000012150000,0x0000000012250000)]
  0x0000000056663000 JavaThread "Service Thread" daemon [_thread_blocked, id=1564, stack(0x00000000570a0000,0x00000000571a0000)]
  0x0000000056643800 JavaThread "C1 CompilerThread2" daemon [_thread_blocked, id=7320, stack(0x0000000056f10000,0x0000000057010000)]
  0x00000000565e7000 JavaThread "C2 CompilerThread1" daemon [_thread_in_native, id=7212, stack(0x0000000056e00000,0x0000000056f00000)]
=>0x00000000551bd000 JavaThread "C2 CompilerThread0" daemon [_thread_in_native, id=400, stack(0x0000000056cd0000,0x0000000056dd0000)]
  0x00000000565da800 JavaThread "Attach Listener" daemon [_thread_blocked, id=5612, stack(0x0000000056b20000,0x0000000056c20000)]
  0x00000000551ae000 JavaThread "Signal Dispatcher" daemon [_thread_blocked, id=1044, stack(0x0000000056220000,0x0000000056320000)]
  0x000000005519a000 JavaThread "Finalizer" daemon [_thread_blocked, id=1356, stack(0x00000000564d0000,0x00000000565d0000)]
  0x0000000055152000 JavaThread "Reference Handler" daemon [_thread_blocked, id=3500, stack(0x0000000056390000,0x0000000056490000)]
  0x000000000245e000 JavaThread "main" [_thread_blocked, id=6248, stack(0x00000000026a0000,0x00000000027a0000)]

Other Threads:
  0x000000005514a800 VMThread [stack: 0x0000000056110000,0x0000000056210000] [id=5972]
  0x0000000056666800 WatcherThread [stack: 0x0000000057270000,0x0000000057370000] [id=2496]

VM state:not at safepoint (normal execution)

VM Mutex/Monitor currently owned by a thread: None

Heap:
 PSYoungGen      total 38400K, used 10911K [0x00000000eab00000, 0x00000000ef600000, 0x0000000100000000)
  eden space 33280K, 17% used [0x00000000eab00000,0x00000000eb0acf10,0x00000000ecb80000)
  from space 5120K, 99% used [0x00000000ed080000,0x00000000ed57afb8,0x00000000ed580000)
  to   space 5120K, 0% used [0x00000000ecb80000,0x00000000ecb80000,0x00000000ed080000)
 ParOldGen       total 87552K, used 5685K [0x00000000c0000000, 0x00000000c5580000, 0x00000000eab00000)
  object space 87552K, 6% used [0x00000000c0000000,0x00000000c058d628,0x00000000c5580000)
 Metaspace       used 6296K, capacity 7128K, committed 7424K, reserved 1056768K
  class space    used 625K, capacity 656K, committed 768K, reserved 1048576K

Card table byte_map: [0x0000000011b60000,0x0000000011d70000] byte_map_base: 0x0000000011560000

Marking Bits: (ParMarkBitMap*) 0x0000000057e6a6c0
 Begin Bits: [0x00000000125c0000, 0x00000000135c0000)
 End Bits:   [0x00000000135c0000, 0x00000000145c0000)

Polling page: 0x0000000000230000

CodeCache: size=245760Kb used=6779Kb max_used=6779Kb free=238980Kb
 bounds [0x00000000027a0000, 0x0000000002e50000, 0x00000000117a0000]
 total_blobs=1871 nmethods=1600 adapters=184
 compilation: enabled

Compilation events (10 events):
Event: 4.992 Thread 0x0000000056643800 1611       3       com.android.dx.dex.code.OutputCollector::appendSuffixToOutput (45 bytes)
Event: 4.992 Thread 0x0000000056643800 nmethod 1611 0x0000000002e0f090 code [0x0000000002e0f2a0, 0x0000000002e0fd38]
Event: 4.992 Thread 0x0000000056643800 1609       3       com.android.dx.dex.file.StringIdsSection::intern (13 bytes)
Event: 4.993 Thread 0x0000000056643800 nmethod 1609 0x0000000002e3bfd0 code [0x0000000002e3c180, 0x0000000002e3c698]
Event: 4.993 Thread 0x0000000056643800 1610       3       com.android.dx.dex.file.StringIdItem::<init> (29 bytes)
Event: 4.993 Thread 0x0000000056643800 nmethod 1610 0x0000000002e3c910 code [0x0000000002e3caa0, 0x0000000002e3ce48]
Event: 4.993 Thread 0x0000000056643800 1612       3       com.android.dx.dex.code.DalvCode::<init> (68 bytes)
Event: 4.993 Thread 0x0000000056643800 nmethod 1612 0x0000000002e3cfd0 code [0x0000000002e3d160, 0x0000000002e3d578]
Event: 5.000 Thread 0x0000000056643800 1613       3       com.android.dx.ssa.back.FirstFitLocalCombiningAllocator::handleCheckCastResults (413 bytes)
Event: 5.003 Thread 0x0000000056643800 nmethod 1613 0x0000000002e3d710 code [0x0000000002e3dce0, 0x0000000002e41a98]

GC Heap History (4 events):
Event: 3.375 GC heap before
{Heap before GC invocations=1 (full 0):
 PSYoungGen      total 38400K, used 33280K [0x00000000eab00000, 0x00000000ed580000, 0x0000000100000000)
  eden space 33280K, 100% used [0x00000000eab00000,0x00000000ecb80000,0x00000000ecb80000)
  from space 5120K, 0% used [0x00000000ed080000,0x00000000ed080000,0x00000000ed580000)
  to   space 5120K, 0% used [0x00000000ecb80000,0x00000000ecb80000,0x00000000ed080000)
 ParOldGen       total 87552K, used 0K [0x00000000c0000000, 0x00000000c5580000, 0x00000000eab00000)
  object space 87552K, 0% used [0x00000000c0000000,0x00000000c0000000,0x00000000c5580000)
 Metaspace       used 6049K, capacity 6964K, committed 7040K, reserved 1056768K
  class space    used 602K, capacity 620K, committed 640K, reserved 1048576K
Event: 3.764 GC heap after
Heap after GC invocations=1 (full 0):
 PSYoungGen      total 38400K, used 5103K [0x00000000eab00000, 0x00000000ed580000, 0x0000000100000000)
  eden space 33280K, 0% used [0x00000000eab00000,0x00000000eab00000,0x00000000ecb80000)
  from space 5120K, 99% used [0x00000000ecb80000,0x00000000ed07bc98,0x00000000ed080000)
  to   space 5120K, 0% used [0x00000000ed080000,0x00000000ed080000,0x00000000ed580000)
 ParOldGen       total 87552K, used 1263K [0x00000000c0000000, 0x00000000c5580000, 0x00000000eab00000)
  object space 87552K, 1% used [0x00000000c0000000,0x00000000c013bf80,0x00000000c5580000)
 Metaspace       used 6049K, capacity 6964K, committed 7040K, reserved 1056768K
  class space    used 602K, capacity 620K, committed 640K, reserved 1048576K
}
Event: 4.543 GC heap before
{Heap before GC invocations=2 (full 0):
 PSYoungGen      total 38400K, used 38383K [0x00000000eab00000, 0x00000000ed580000, 0x0000000100000000)
  eden space 33280K, 100% used [0x00000000eab00000,0x00000000ecb80000,0x00000000ecb80000)
  from space 5120K, 99% used [0x00000000ecb80000,0x00000000ed07bc98,0x00000000ed080000)
  to   space 5120K, 0% used [0x00000000ed080000,0x00000000ed080000,0x00000000ed580000)
 ParOldGen       total 87552K, used 1263K [0x00000000c0000000, 0x00000000c5580000, 0x00000000eab00000)
  object space 87552K, 1% used [0x00000000c0000000,0x00000000c013bf80,0x00000000c5580000)
 Metaspace       used 6284K, capacity 7128K, committed 7424K, reserved 1056768K
  class space    used 625K, capacity 656K, committed 768K, reserved 1048576K
Event: 4.877 GC heap after
Heap after GC invocations=2 (full 0):
 PSYoungGen      total 38400K, used 5099K [0x00000000eab00000, 0x00000000ef600000, 0x0000000100000000)
  eden space 33280K, 0% used [0x00000000eab00000,0x00000000eab00000,0x00000000ecb80000)
  from space 5120K, 99% used [0x00000000ed080000,0x00000000ed57afb8,0x00000000ed580000)
  to   space 5120K, 0% used [0x00000000ecb80000,0x00000000ecb80000,0x00000000ed080000)
 ParOldGen       total 87552K, used 5685K [0x00000000c0000000, 0x00000000c5580000, 0x00000000eab00000)
  object space 87552K, 6% used [0x00000000c0000000,0x00000000c058d628,0x00000000c5580000)
 Metaspace       used 6284K, capacity 7128K, committed 7424K, reserved 1056768K
  class space    used 625K, capacity 656K, committed 768K, reserved 1048576K
}

Deoptimization events (10 events):
Event: 3.959 Thread 0x00000000568b9800 Uncommon trap: reason=bimorphic action=maybe_recompile pc=0x0000000002c05a44 method=java.util.HashMap.getNode(ILjava/lang/Object;)Ljava/util/HashMap$Node; @ 126
Event: 3.959 Thread 0x00000000568b9800 Uncommon trap: reason=class_check action=maybe_recompile pc=0x0000000002b3d490 method=java.util.HashMap.putVal(ILjava/lang/Object;Ljava/lang/Object;ZZ)Ljava/lang/Object; @ 203
Event: 3.959 Thread 0x00000000568b9800 Uncommon trap: reason=bimorphic action=maybe_recompile pc=0x0000000002c05a44 method=java.util.HashMap.getNode(ILjava/lang/Object;)Ljava/util/HashMap$Node; @ 126
Event: 3.959 Thread 0x00000000568b9800 Uncommon trap: reason=class_check action=maybe_recompile pc=0x0000000002b3d490 method=java.util.HashMap.putVal(ILjava/lang/Object;Ljava/lang/Object;ZZ)Ljava/lang/Object; @ 203
Event: 4.367 Thread 0x00000000567b0800 Uncommon trap: reason=class_check action=maybe_recompile pc=0x0000000002d6e3b4 method=com.android.dx.rop.code.RegisterSpec.withSimpleType()Lcom/android/dx/rop/code/RegisterSpec; @ 21
Event: 4.368 Thread 0x00000000567b0800 Uncommon trap: reason=class_check action=maybe_recompile pc=0x0000000002d6e3b4 method=com.android.dx.rop.code.RegisterSpec.withSimpleType()Lcom/android/dx/rop/code/RegisterSpec; @ 21
Event: 4.374 Thread 0x00000000567b0800 Uncommon trap: reason=class_check action=maybe_recompile pc=0x0000000002d6e3b4 method=com.android.dx.rop.code.RegisterSpec.withSimpleType()Lcom/android/dx/rop/code/RegisterSpec; @ 21
Event: 4.374 Thread 0x00000000567b0800 Uncommon trap: reason=class_check action=maybe_recompile pc=0x0000000002d6e3b4 method=com.android.dx.rop.code.RegisterSpec.withSimpleType()Lcom/android/dx/rop/code/RegisterSpec; @ 21
Event: 4.540 Thread 0x000000005684b000 Uncommon trap: reason=unstable_if action=reinterpret pc=0x0000000002a3e3c4 method=java.util.HashMap.putVal(ILjava/lang/Object;Ljava/lang/Object;ZZ)Ljava/lang/Object; @ 162
Event: 4.983 Thread 0x00000000568b9800 Uncommon trap: reason=unstable_if action=reinterpret pc=0x0000000002d488a8 method=java.util.HashMap.getNode(ILjava/lang/Object;)Ljava/util/HashMap$Node; @ 84

Internal exceptions (7 events):
Event: 0.092 Thread 0x000000000245e000 Exception <a 'java/lang/NoSuchMethodError': Method sun.misc.Unsafe.defineClass(Ljava/lang/String;[BII)Ljava/lang/Class; name or signature does not match> (0x00000000eab07c78) thrown at [C:\re\workspace\8-2-build-windows-amd64-cygwin\jdk8u102\7268\hotspot\sîèÑÄ¶∑?
Event: 0.092 Thread 0x000000000245e000 Exception <a 'java/lang/NoSuchMethodError': Method sun.misc.Unsafe.prefetchRead(Ljava/lang/Object;J)V name or signature does not match> (0x00000000eab07f60) thrown at [C:\re\workspace\8-2-build-windows-amd64-cygwin\jdk8u102\7268\hotspot\src\share\vm\prims\}ñ_ÂD~Ò?
Event: 1.093 Thread 0x00000000567b0800 Implicit null exception at 0x0000000002a47d92 to 0x0000000002a47e99
Event: 2.423 Thread 0x000000005684b000 Implicit null exception at 0x0000000002a55983 to 0x0000000002a57219
Event: 4.541 Thread 0x000000005684b000 Exception <a 'java/lang/ArrayIndexOutOfBoundsException': 18> (0x00000000ecb78b48) thrown at [C:\re\workspace\8-2-build-windows-amd64-cygwin\jdk8u102\7268\hotspot\src\share\vm\interpreter\interpreterRuntime.cpp, line 366]
Event: 4.541 Thread 0x000000005684b000 Exception <a 'java/lang/ArrayIndexOutOfBoundsException': 145> (0x00000000ecb7a6c8) thrown at [C:\re\workspace\8-2-build-windows-amd64-cygwin\jdk8u102\7268\hotspot\src\share\vm\interpreter\interpreterRuntime.cpp, line 366]
Event: 4.542 Thread 0x000000005684b000 Exception <a 'java/lang/ArrayIndexOutOfBoundsException'> (0x00000000ecb7b9b0) thrown at [C:\re\workspace\8-2-build-windows-amd64-cygwin\jdk8u102\7268\hotspot\src\share\vm\runtime\sharedRuntime.cpp, line 605]

Events (10 events):
Event: 4.542 loading class java/lang/reflect/TypeVariable done
Event: 4.542 loading class sun/reflect/generics/reflectiveObjects/TypeVariableImpl
Event: 4.542 loading class sun/reflect/generics/reflectiveObjects/LazyReflectiveObjectGenerator
Event: 4.542 loading class sun/reflect/generics/reflectiveObjects/LazyReflectiveObjectGenerator done
Event: 4.542 loading class sun/reflect/generics/reflectiveObjects/TypeVariableImpl done
Event: 4.542 Executing VM operation: ParallelGCFailedAllocation
Event: 4.877 Executing VM operation: ParallelGCFailedAllocation done
Event: 4.983 Thread 0x00000000568b9800 Uncommon trap: trap_request=0xffffff65 fr.pc=0x0000000002d488a8
Event: 4.983 Thread 0x00000000568b9800 DEOPT PACKING pc=0x0000000002d488a8 sp=0x00000000580be690
Event: 4.983 Thread 0x00000000568b9800 DEOPT UNPACKING pc=0x00000000027e582a sp=0x00000000580be618 mode 2


Dynamic libraries:
0x000000013ff20000 - 0x000000013ff57000 	D:\JAVA\jdk1.8\bin\java.exe
0x0000000077940000 - 0x0000000077aea000 	C:\Windows\SYSTEM32\ntdll.dll
0x0000000077820000 - 0x000000007793f000 	C:\Windows\system32\kernel32.dll
0x000007fefdb10000 - 0x000007fefdb7a000 	C:\Windows\system32\KERNELBASE.dll
0x000007fefe290000 - 0x000007fefe36b000 	C:\Windows\system32\ADVAPI32.dll
0x000007feff9b0000 - 0x000007feffa4f000 	C:\Windows\system32\msvcrt.dll
0x000007feff750000 - 0x000007feff76f000 	C:\Windows\SYSTEM32\sechost.dll
0x000007feff880000 - 0x000007feff9ad000 	C:\Windows\system32\RPCRT4.dll
0x0000000077720000 - 0x000000007781a000 	C:\Windows\system32\USER32.dll
0x000007feffad0000 - 0x000007feffb37000 	C:\Windows\system32\GDI32.dll
0x000007feff740000 - 0x000007feff74e000 	C:\Windows\system32\LPK.dll
0x000007fefe370000 - 0x000007fefe43a000 	C:\Windows\system32\USP10.dll
0x000007fefc0d0000 - 0x000007fefc2c4000 	C:\Windows\WinSxS\amd64_microsoft.windows.common-controls_6595b64144ccf1df_6.0.7601.17514_none_fa396087175ac9ac\COMCTL32.dll
0x000007feffa50000 - 0x000007feffac1000 	C:\Windows\system32\SHLWAPI.dll
0x000007feff710000 - 0x000007feff73e000 	C:\Windows\system32\IMM32.DLL
0x000007feffb40000 - 0x000007feffc49000 	C:\Windows\system32\MSCTF.dll
0x00000000640f0000 - 0x00000000641c1000 	D:\JAVA\jdk1.8\jre\bin\msvcr100.dll
0x0000000057650000 - 0x0000000057eea000 	D:\JAVA\jdk1.8\jre\bin\server\jvm.dll
0x000007fefaef0000 - 0x000007fefaef9000 	C:\Windows\system32\WSOCK32.dll
0x000007fefdc60000 - 0x000007fefdcad000 	C:\Windows\system32\WS2_32.dll
0x000007feff770000 - 0x000007feff778000 	C:\Windows\system32\NSI.dll
0x000007fefb4e0000 - 0x000007fefb51b000 	C:\Windows\system32\WINMM.dll
0x000007fefc9f0000 - 0x000007fefc9fc000 	C:\Windows\system32\VERSION.dll
0x0000000077b00000 - 0x0000000077b07000 	C:\Windows\system32\PSAPI.DLL
0x00000000679c0000 - 0x00000000679cf000 	D:\JAVA\jdk1.8\jre\bin\verify.dll
0x0000000064280000 - 0x00000000642a9000 	D:\JAVA\jdk1.8\jre\bin\java.dll
0x0000000064260000 - 0x0000000064276000 	D:\JAVA\jdk1.8\jre\bin\zip.dll
0x000007fefe440000 - 0x000007feff1c8000 	C:\Windows\system32\SHELL32.dll
0x000007feff380000 - 0x000007feff583000 	C:\Windows\system32\ole32.dll
0x000007fefd890000 - 0x000007fefd89f000 	C:\Windows\system32\profapi.dll

VM Arguments:
jvm_args: -Djava.awt.headless=true -Xmx1024M -Dfile.encoding=GBK -Duser.country=CN -Duser.language=zh -Duser.variant 
java_command: com.android.dx.command.Main --dex --num-threads=4 --output E:\svn\Peek2_hk_vlc\app\build\intermediates\pre-dexed\debug\com.android.support-recyclerview-v7-24.2.0_928be7bd85dfac643d8140c269c8f7d885352d2e.jar E:\svn\Peek2_hk_vlc\app\build\intermediates\exploded-aar\com.android.support\recyclerview-v7\24.2.0\jars\classes.jar
java_class_path (initial): D:\Sdk\build-tools\24.0.1\lib\dx.jar
Launcher Type: SUN_STANDARD

Environment Variables:
JAVA_HOME=D:\JAVA\jdk1.8
CLASSPATH=.;D:\JAVA\jdk1.8\lib;D:\JAVA\jdk1.8\lib\tools.jar
PATH=C:\ProgramData\Oracle\Java\javapath;C:\Windows\system32;C:\Windows;C:\Windows\System32\Wbem;C:\Windows\System32\WindowsPowerShell\v1.0\;C:\Program Files (x86)\Common Files\microsoft shared\TigerKin;D:\JAVA\jdk1.8\bin;D:\JAVA\jdk1.8\jre\bin;C:\Android;C:\Windows\System32;D:\program files\svn\bin;D:\JAVA\tomcat\lib;D:\JAVA\tomcat\bin;D:\program files\Git\cmd;D:\JAVA\android-ndk-r10b;D:\JAVA\gradle-2.14.1\bin
USERNAME=admin
OS=Windows_NT
PROCESSOR_IDENTIFIER=Intel64 Family 6 Model 94 Stepping 3, GenuineIntel



---------------  S Y S T E M  ---------------

OS: Windows 7 , 64 bit Build 7601 (6.1.7601.23677)

CPU:total 4 (2 cores per cpu, 2 threads per core) family 6 model 94 stepping 3, cmov, cx8, fxsr, mmx, sse, sse2, sse3, ssse3, sse4.1, sse4.2, popcnt, avx, avx2, aes, clmul, erms, 3dnowpref, lzcnt, ht, tsc, tscinvbit, bmi1, bmi2, adx

Memory: 4k page, physical 8266364k(1276760k free), swap 9313080k(5100k free)

vm_info: Java HotSpot(TM) 64-Bit Server VM (25.102-b14) for windows-amd64 JRE (1.8.0_102-b14), built on Jun 22 2016 13:15:21 by "java_re" with MS VC++ 10.0 (VS2010)

time: Tue May 23 10:11:07 2017
elapsed time: 5 seconds (0d 0h 0m 5s)

