#
# There is insufficient memory for the Java Runtime Environment to continue.
# Native memory allocation (malloc) failed to allocate 367824 bytes for Chunk::new
# Possible reasons:
#   The system is out of physical RAM or swap space
#   In 32 bit mode, the process size limit was hit
# Possible solutions:
#   Reduce memory load on the system
#   Increase physical memory or swap space
#   Check if swap backing store is full
#   Use 64 bit Java on a 64 bit OS
#   Decrease Java heap size (-Xmx/-Xms)
#   Decrease number of Java threads
#   Decrease Java thread stack sizes (-Xss)
#   Set larger code cache with -XX:ReservedCodeCacheSize=
# This output file may be truncated or incomplete.
#
#  Out of Memory Error (allocation.cpp:390), pid=7180, tid=0x0000000000000558
#
# JRE version: Java(TM) SE Runtime Environment (8.0_102-b14) (build 1.8.0_102-b14)
# Java VM: Java HotSpot(TM) 64-Bit Server VM (25.102-b14 mixed mode windows-amd64 compressed oops)
# Failed to write core dump. Minidumps are not enabled by default on client versions of Windows
#

---------------  T H R E A D  ---------------

Current thread (0x00000000550f9000):  JavaThread "C2 CompilerThread0" daemon [_thread_in_native, id=1368, stack(0x0000000056e50000,0x0000000056f50000)]

Stack: [0x0000000056e50000,0x0000000056f50000]
[error occurred during error reporting (printing stack bounds), id 0xc0000005]

Native frames: (J=compiled Java code, j=interpreted, Vv=VM code, C=native code)


Current CompileTask:
C2:   7082 1930       4       com.android.dx.ssa.DeadCodeRemover::run (194 bytes)


---------------  P R O C E S S  ---------------

Java Threads: ( => current thread )
  0x0000000056931800 JavaThread "pool-1-thread-4" [_thread_blocked, id=4200, stack(0x00000000582a0000,0x00000000583a0000)]
  0x000000005692b800 JavaThread "pool-1-thread-3" [_thread_blocked, id=2284, stack(0x00000000580b0000,0x00000000581b0000)]
  0x00000000568d1800 JavaThread "pool-1-thread-2" [_thread_blocked, id=6388, stack(0x0000000057f00000,0x0000000058000000)]
  0x00000000568d0800 JavaThread "pool-2-thread-1" [_thread_blocked, id=6172, stack(0x0000000057550000,0x0000000057650000)]
  0x00000000568d0000 JavaThread "pool-1-thread-1" [_thread_blocked, id=4296, stack(0x0000000057350000,0x0000000057450000)]
  0x0000000056633800 JavaThread "Service Thread" daemon [_thread_blocked, id=8096, stack(0x0000000056260000,0x0000000056360000)]
  0x0000000056614800 JavaThread "C1 CompilerThread2" daemon [_thread_blocked, id=4568, stack(0x0000000056f80000,0x0000000057080000)]
  0x000000005660c000 JavaThread "C2 CompilerThread1" daemon [_thread_in_native, id=4656, stack(0x00000000570a0000,0x00000000571a0000)]
=>0x00000000550f9000 JavaThread "C2 CompilerThread0" daemon [_thread_in_native, id=1368, stack(0x0000000056e50000,0x0000000056f50000)]
  0x00000000565b1000 JavaThread "Attach Listener" daemon [_thread_blocked, id=1276, stack(0x0000000056c80000,0x0000000056d80000)]
  0x00000000565b0800 JavaThread "Signal Dispatcher" daemon [_thread_blocked, id=7464, stack(0x0000000056a40000,0x0000000056b40000)]
  0x00000000550dd800 JavaThread "Finalizer" daemon [_thread_blocked, id=3548, stack(0x00000000564a0000,0x00000000565a0000)]
  0x0000000055095800 JavaThread "Reference Handler" daemon [_thread_blocked, id=5664, stack(0x0000000056370000,0x0000000056470000)]
  0x000000000035e000 JavaThread "main" [_thread_blocked, id=8168, stack(0x0000000002800000,0x0000000002900000)]

Other Threads:
  0x000000005508e000 VMThread [stack: 0x0000000056140000,0x0000000056240000] [id=5196]
  0x0000000056659800 WatcherThread [stack: 0x00000000571d0000,0x00000000572d0000] [id=4380]

VM state:not at safepoint (normal execution)

VM Mutex/Monitor currently owned by a thread: None

Heap:
 PSYoungGen      total 71680K, used 28770K [0x00000000eab00000, 0x00000000ef600000, 0x0000000100000000)
  eden space 66560K, 35% used [0x00000000eab00000,0x00000000ec218870,0x00000000eec00000)
  from space 5120K, 100% used [0x00000000eec00000,0x00000000ef100000,0x00000000ef100000)
  to   space 5120K, 0% used [0x00000000ef100000,0x00000000ef100000,0x00000000ef600000)
 ParOldGen       total 87552K, used 14819K [0x00000000c0000000, 0x00000000c5580000, 0x00000000eab00000)
  object space 87552K, 16% used [0x00000000c0000000,0x00000000c0e78dc0,0x00000000c5580000)
 Metaspace       used 6416K, capacity 7128K, committed 7424K, reserved 1056768K
  class space    used 622K, capacity 656K, committed 768K, reserved 1048576K

Card table byte_map: [0x0000000011cc0000,0x0000000011ed0000] byte_map_base: 0x00000000116c0000

Marking Bits: (ParMarkBitMap*) 0x0000000057e6a6c0
 Begin Bits: [0x0000000012500000, 0x0000000013500000)
 End Bits:   [0x0000000013500000, 0x0000000014500000)

Polling page: 0x0000000000330000

CodeCache: size=245760Kb used=8892Kb max_used=8906Kb free=236867Kb
 bounds [0x0000000002900000, 0x00000000031c0000, 0x0000000011900000]
 total_blobs=2153 nmethods=1881 adapters=184
 compilation: enabled

Compilation events (10 events):
Event: 6.936 Thread 0x0000000056614800 1942       2       com.android.dx.ssa.DeadCodeRemover::pruneDeadInstructions (246 bytes)
Event: 6.937 Thread 0x000000005660c000 nmethod 1928% 0x0000000003188bd0 code [0x0000000003188e80, 0x0000000003189d40]
Event: 6.937 Thread 0x000000005660c000 1941 %     4       com.android.dx.ssa.SsaConverter::placePhiFunctions @ 103 (394 bytes)
Event: 6.937 Thread 0x0000000056614800 nmethod 1942 0x0000000003163b50 code [0x0000000003163de0, 0x0000000003164868]
Event: 6.938 Thread 0x0000000056614800 1943       2       com.android.dx.ssa.SsaMethod::updateOneDefinition (70 bytes)
Event: 6.939 Thread 0x0000000056614800 nmethod 1943 0x00000000031633d0 code [0x0000000003163560, 0x0000000003163888]
Event: 6.979 Thread 0x00000000550f9000 nmethod 1932% 0x00000000031b57d0 code [0x00000000031b5a60, 0x00000000031b74f0]
Event: 6.979 Thread 0x00000000550f9000 1944       4       com.android.dx.ssa.SCCP::simulatePhi (169 bytes)
Event: 6.997 Thread 0x00000000550f9000 nmethod 1944 0x00000000031ba110 code [0x00000000031ba2e0, 0x00000000031bb068]
Event: 6.997 Thread 0x00000000550f9000 1930       4       com.android.dx.ssa.DeadCodeRemover::run (194 bytes)

GC Heap History (6 events):
Event: 2.006 GC heap before
{Heap before GC invocations=1 (full 0):
 PSYoungGen      total 38400K, used 33280K [0x00000000eab00000, 0x00000000ed580000, 0x0000000100000000)
  eden space 33280K, 100% used [0x00000000eab00000,0x00000000ecb80000,0x00000000ecb80000)
  from space 5120K, 0% used [0x00000000ed080000,0x00000000ed080000,0x00000000ed580000)
  to   space 5120K, 0% used [0x00000000ecb80000,0x00000000ecb80000,0x00000000ed080000)
 ParOldGen       total 87552K, used 0K [0x00000000c0000000, 0x00000000c5580000, 0x00000000eab00000)
  object space 87552K, 0% used [0x00000000c0000000,0x00000000c0000000,0x00000000c5580000)
 Metaspace       used 6024K, capacity 6900K, committed 7040K, reserved 1056768K
  class space    used 601K, capacity 620K, committed 640K, reserved 1048576K
Event: 2.103 GC heap after
Heap after GC invocations=1 (full 0):
 PSYoungGen      total 38400K, used 5114K [0x00000000eab00000, 0x00000000ef600000, 0x0000000100000000)
  eden space 33280K, 0% used [0x00000000eab00000,0x00000000eab00000,0x00000000ecb80000)
  from space 5120K, 99% used [0x00000000ecb80000,0x00000000ed07e9d8,0x00000000ed080000)
  to   space 5120K, 0% used [0x00000000ef100000,0x00000000ef100000,0x00000000ef600000)
 ParOldGen       total 87552K, used 1124K [0x00000000c0000000, 0x00000000c5580000, 0x00000000eab00000)
  object space 87552K, 1% used [0x00000000c0000000,0x00000000c01193c8,0x00000000c5580000)
 Metaspace       used 6024K, capacity 6900K, committed 7040K, reserved 1056768K
  class space    used 601K, capacity 620K, committed 640K, reserved 1048576K
}
Event: 3.179 GC heap before
{Heap before GC invocations=2 (full 0):
 PSYoungGen      total 38400K, used 38394K [0x00000000eab00000, 0x00000000ef600000, 0x0000000100000000)
  eden space 33280K, 100% used [0x00000000eab00000,0x00000000ecb80000,0x00000000ecb80000)
  from space 5120K, 99% used [0x00000000ecb80000,0x00000000ed07e9d8,0x00000000ed080000)
  to   space 5120K, 0% used [0x00000000ef100000,0x00000000ef100000,0x00000000ef600000)
 ParOldGen       total 87552K, used 1124K [0x00000000c0000000, 0x00000000c5580000, 0x00000000eab00000)
  object space 87552K, 1% used [0x00000000c0000000,0x00000000c01193c8,0x00000000c5580000)
 Metaspace       used 6161K, capacity 7028K, committed 7296K, reserved 1056768K
  class space    used 602K, capacity 620K, committed 640K, reserved 1048576K
Event: 3.225 GC heap after
Heap after GC invocations=2 (full 0):
 PSYoungGen      total 71680K, used 5095K [0x00000000eab00000, 0x00000000ef600000, 0x0000000100000000)
  eden space 66560K, 0% used [0x00000000eab00000,0x00000000eab00000,0x00000000eec00000)
  from space 5120K, 99% used [0x00000000ef100000,0x00000000ef5f9d20,0x00000000ef600000)
  to   space 5120K, 0% used [0x00000000eec00000,0x00000000eec00000,0x00000000ef100000)
 ParOldGen       total 87552K, used 5225K [0x00000000c0000000, 0x00000000c5580000, 0x00000000eab00000)
  object space 87552K, 5% used [0x00000000c0000000,0x00000000c051a4b0,0x00000000c5580000)
 Metaspace       used 6161K, capacity 7028K, committed 7296K, reserved 1056768K
  class space    used 602K, capacity 620K, committed 640K, reserved 1048576K
}
Event: 5.038 GC heap before
{Heap before GC invocations=3 (full 0):
 PSYoungGen      total 71680K, used 71655K [0x00000000eab00000, 0x00000000ef600000, 0x0000000100000000)
  eden space 66560K, 100% used [0x00000000eab00000,0x00000000eec00000,0x00000000eec00000)
  from space 5120K, 99% used [0x00000000ef100000,0x00000000ef5f9d20,0x00000000ef600000)
  to   space 5120K, 0% used [0x00000000eec00000,0x00000000eec00000,0x00000000ef100000)
 ParOldGen       total 87552K, used 5225K [0x00000000c0000000, 0x00000000c5580000, 0x00000000eab00000)
  object space 87552K, 5% used [0x00000000c0000000,0x00000000c051a4b0,0x00000000c5580000)
 Metaspace       used 6401K, capacity 7128K, committed 7424K, reserved 1056768K
  class space    used 622K, capacity 656K, committed 768K, reserved 1048576K
Event: 5.189 GC heap after
Heap after GC invocations=3 (full 0):
 PSYoungGen      total 71680K, used 5120K [0x00000000eab00000, 0x00000000ef600000, 0x0000000100000000)
  eden space 66560K, 0% used [0x00000000eab00000,0x00000000eab00000,0x00000000eec00000)
  from space 5120K, 100% used [0x00000000eec00000,0x00000000ef100000,0x00000000ef100000)
  to   space 5120K, 0% used [0x00000000ef100000,0x00000000ef100000,0x00000000ef600000)
 ParOldGen       total 87552K, used 14819K [0x00000000c0000000, 0x00000000c5580000, 0x00000000eab00000)
  object space 87552K, 16% used [0x00000000c0000000,0x00000000c0e78dc0,0x00000000c5580000)
 Metaspace       used 6401K, capacity 7128K, committed 7424K, reserved 1056768K
  class space    used 622K, capacity 656K, committed 768K, reserved 1048576K
}

Deoptimization events (10 events):
Event: 6.617 Thread 0x0000000056931800 Uncommon trap: reason=bimorphic action=maybe_recompile pc=0x0000000002f03740 method=com.android.dx.ssa.SCCP.setLatticeValueTo(IILcom/android/dx/rop/cst/Constant;)Z @ 43
Event: 6.873 Thread 0x000000005692b800 Uncommon trap: reason=unstable_if action=reinterpret pc=0x0000000003060324 method=com.android.dx.cf.code.Ropper.processBlock(Lcom/android/dx/cf/code/ByteBlock;Lcom/android/dx/cf/code/Frame;[I)V @ 413
Event: 6.899 Thread 0x00000000568d0000 Uncommon trap: reason=unstable_if action=reinterpret pc=0x00000000030a351c method=com.android.dx.cf.code.ByteCatchList.typeNotFound(Lcom/android/dx/cf/code/ByteCatchList$Item;[Lcom/android/dx/cf/code/ByteCatchList$Item;I)Z @ 34
Event: 6.899 Thread 0x00000000568d0000 Uncommon trap: reason=unstable_if action=reinterpret pc=0x000000000309a02c method=com.android.dx.cf.code.ByteCatchList.typeNotFound(Lcom/android/dx/cf/code/ByteCatchList$Item;[Lcom/android/dx/cf/code/ByteCatchList$Item;I)Z @ 34
Event: 6.899 Thread 0x00000000568d0000 Uncommon trap: reason=unstable_if action=reinterpret pc=0x00000000030c2a74 method=com.android.dx.cf.code.ByteCatchList.typeNotFound(Lcom/android/dx/cf/code/ByteCatchList$Item;[Lcom/android/dx/cf/code/ByteCatchList$Item;I)Z @ 34
Event: 6.914 Thread 0x000000005692b800 Uncommon trap: reason=unstable_if action=reinterpret pc=0x00000000030f5a24 method=com.android.dx.rop.code.BasicBlockList.preferredSuccessorOf(Lcom/android/dx/rop/code/BasicBlock;)Lcom/android/dx/rop/code/BasicBlock; @ 58
Event: 6.935 Thread 0x00000000568d1800 Uncommon trap: reason=unstable_if action=reinterpret pc=0x0000000002c9dccc method=com.android.dx.ssa.SsaMethod.updateOneDefinition(Lcom/android/dx/ssa/SsaInsn;Lcom/android/dx/rop/code/RegisterSpec;)V @ 4
Event: 6.935 Thread 0x00000000568d1800 Uncommon trap: reason=unstable_if action=reinterpret pc=0x0000000002e7f09c method=com.android.dx.ssa.DeadCodeRemover.pruneDeadInstructions()V @ 49
Event: 6.943 Thread 0x00000000568d1800 Uncommon trap: reason=bimorphic action=maybe_recompile pc=0x0000000002f03740 method=com.android.dx.ssa.SCCP.setLatticeValueTo(IILcom/android/dx/rop/cst/Constant;)Z @ 43
Event: 6.943 Thread 0x00000000568d1800 Uncommon trap: reason=bimorphic action=maybe_recompile pc=0x0000000002f03740 method=com.android.dx.ssa.SCCP.setLatticeValueTo(IILcom/android/dx/rop/cst/Constant;)Z @ 43

Internal exceptions (6 events):
Event: 0.113 Thread 0x000000000035e000 Exception <a 'java/lang/NoSuchMethodError': Method sun.misc.Unsafe.defineClass(Ljava/lang/String;[BII)Ljava/lang/Class; name or signature does not match> (0x00000000eab07c78) thrown at [C:\re\workspace\8-2-build-windows-amd64-cygwin\jdk8u102\7268\hotspot\sè…o˝º?
Event: 0.113 Thread 0x000000000035e000 Exception <a 'java/lang/NoSuchMethodError': Method sun.misc.Unsafe.prefetchRead(Ljava/lang/Object;J)V name or signature does not match> (0x00000000eab07f60) thrown at [C:\re\workspace\8-2-build-windows-amd64-cygwin\jdk8u102\7268\hotspot\src\share\vm\prims\x˛˝≥º@
Event: 2.217 Thread 0x00000000568d1800 Implicit null exception at 0x0000000002b92092 to 0x0000000002b9218a
Event: 3.821 Thread 0x00000000568d1800 Exception <a 'java/lang/ArrayIndexOutOfBoundsException': 18> (0x00000000eb2b6288) thrown at [C:\re\workspace\8-2-build-windows-amd64-cygwin\jdk8u102\7268\hotspot\src\share\vm\interpreter\interpreterRuntime.cpp, line 366]
Event: 3.821 Thread 0x00000000568d1800 Exception <a 'java/lang/ArrayIndexOutOfBoundsException'> (0x00000000eb2b7e08) thrown at [C:\re\workspace\8-2-build-windows-amd64-cygwin\jdk8u102\7268\hotspot\src\share\vm\runtime\sharedRuntime.cpp, line 605]
Event: 3.822 Thread 0x00000000568d1800 Exception <a 'java/lang/ArrayIndexOutOfBoundsException'> (0x00000000eb2b90f0) thrown at [C:\re\workspace\8-2-build-windows-amd64-cygwin\jdk8u102\7268\hotspot\src\share\vm\runtime\sharedRuntime.cpp, line 605]

Events (10 events):
Event: 6.935 Thread 0x00000000568d1800 DEOPT UNPACKING pc=0x000000000294582a sp=0x0000000057ffe548 mode 2
Event: 6.935 Thread 0x00000000568d1800 Uncommon trap: trap_request=0xffffff65 fr.pc=0x0000000002e7f09c
Event: 6.935 Thread 0x00000000568d1800 DEOPT PACKING pc=0x0000000002e7f09c sp=0x0000000057ffe770
Event: 6.935 Thread 0x00000000568d1800 DEOPT UNPACKING pc=0x000000000294582a sp=0x0000000057ffe6d8 mode 2
Event: 6.943 Thread 0x00000000568d1800 Uncommon trap: trap_request=0xffffffc6 fr.pc=0x0000000002f03740
Event: 6.943 Thread 0x00000000568d1800 DEOPT PACKING pc=0x0000000002f03740 sp=0x0000000057ffe6b0
Event: 6.943 Thread 0x00000000568d1800 DEOPT UNPACKING pc=0x000000000294582a sp=0x0000000057ffe628 mode 2
Event: 6.943 Thread 0x00000000568d1800 Uncommon trap: trap_request=0xffffffc6 fr.pc=0x0000000002f03740
Event: 6.943 Thread 0x00000000568d1800 DEOPT PACKING pc=0x0000000002f03740 sp=0x0000000057ffe6b0
Event: 6.943 Thread 0x00000000568d1800 DEOPT UNPACKING pc=0x000000000294582a sp=0x0000000057ffe628 mode 2


Dynamic libraries:
0x000000013ff20000 - 0x000000013ff57000 	D:\JAVA\jdk1.8\bin\java.exe
0x0000000077940000 - 0x0000000077aea000 	C:\Windows\SYSTEM32\ntdll.dll
0x0000000077820000 - 0x000000007793f000 	C:\Windows\system32\kernel32.dll
0x000007fefdb10000 - 0x000007fefdb7a000 	C:\Windows\system32\KERNELBASE.dll
0x000007fefe290000 - 0x000007fefe36b000 	C:\Windows\system32\ADVAPI32.dll
0x000007feff9b0000 - 0x000007feffa4f000 	C:\Windows\system32\msvcrt.dll
0x000007feff750000 - 0x000007feff76f000 	C:\Windows\SYSTEM32\sechost.dll
0x000007feff880000 - 0x000007feff9ad000 	C:\Windows\system32\RPCRT4.dll
0x0000000077720000 - 0x000000007781a000 	C:\Windows\system32\USER32.dll
0x000007feffad0000 - 0x000007feffb37000 	C:\Windows\system32\GDI32.dll
0x000007feff740000 - 0x000007feff74e000 	C:\Windows\system32\LPK.dll
0x000007fefe370000 - 0x000007fefe43a000 	C:\Windows\system32\USP10.dll
0x000007fefc0d0000 - 0x000007fefc2c4000 	C:\Windows\WinSxS\amd64_microsoft.windows.common-controls_6595b64144ccf1df_6.0.7601.17514_none_fa396087175ac9ac\COMCTL32.dll
0x000007feffa50000 - 0x000007feffac1000 	C:\Windows\system32\SHLWAPI.dll
0x000007feff710000 - 0x000007feff73e000 	C:\Windows\system32\IMM32.DLL
0x000007feffb40000 - 0x000007feffc49000 	C:\Windows\system32\MSCTF.dll
0x00000000640f0000 - 0x00000000641c1000 	D:\JAVA\jdk1.8\jre\bin\msvcr100.dll
0x0000000057650000 - 0x0000000057eea000 	D:\JAVA\jdk1.8\jre\bin\server\jvm.dll
0x000007fefaef0000 - 0x000007fefaef9000 	C:\Windows\system32\WSOCK32.dll
0x000007fefdc60000 - 0x000007fefdcad000 	C:\Windows\system32\WS2_32.dll
0x000007feff770000 - 0x000007feff778000 	C:\Windows\system32\NSI.dll
0x000007fefb4e0000 - 0x000007fefb51b000 	C:\Windows\system32\WINMM.dll
0x000007fefc9f0000 - 0x000007fefc9fc000 	C:\Windows\system32\VERSION.dll
0x0000000077b00000 - 0x0000000077b07000 	C:\Windows\system32\PSAPI.DLL
0x00000000679c0000 - 0x00000000679cf000 	D:\JAVA\jdk1.8\jre\bin\verify.dll
0x0000000064280000 - 0x00000000642a9000 	D:\JAVA\jdk1.8\jre\bin\java.dll
0x0000000064260000 - 0x0000000064276000 	D:\JAVA\jdk1.8\jre\bin\zip.dll
0x000007fefe440000 - 0x000007feff1c8000 	C:\Windows\system32\SHELL32.dll
0x000007feff380000 - 0x000007feff583000 	C:\Windows\system32\ole32.dll
0x000007fefd890000 - 0x000007fefd89f000 	C:\Windows\system32\profapi.dll

VM Arguments:
jvm_args: -Djava.awt.headless=true -Xmx1024M -Dfile.encoding=GBK -Duser.country=CN -Duser.language=zh -Duser.variant 
java_command: com.android.dx.command.Main --dex --num-threads=4 --output E:\svn\Peek2_hk_vlc\app\build\intermediates\pre-dexed\debug\BmobSDK_3.5.3_20161116_ae2538492d3bad0b6a5e4b19f62382abf6ca1b2e.jar E:\svn\Peek2_hk_vlc\app\libs\BmobSDK_3.5.3_20161116.jar
java_class_path (initial): D:\Sdk\build-tools\24.0.1\lib\dx.jar
Launcher Type: SUN_STANDARD

Environment Variables:
JAVA_HOME=D:\JAVA\jdk1.8
CLASSPATH=.;D:\JAVA\jdk1.8\lib;D:\JAVA\jdk1.8\lib\tools.jar
PATH=C:\ProgramData\Oracle\Java\javapath;C:\Windows\system32;C:\Windows;C:\Windows\System32\Wbem;C:\Windows\System32\WindowsPowerShell\v1.0\;C:\Program Files (x86)\Common Files\microsoft shared\TigerKin;D:\JAVA\jdk1.8\bin;D:\JAVA\jdk1.8\jre\bin;C:\Android;C:\Windows\System32;D:\program files\svn\bin;D:\JAVA\tomcat\lib;D:\JAVA\tomcat\bin;D:\program files\Git\cmd;D:\JAVA\android-ndk-r10b;D:\JAVA\gradle-2.14.1\bin
USERNAME=admin
OS=Windows_NT
PROCESSOR_IDENTIFIER=Intel64 Family 6 Model 94 Stepping 3, GenuineIntel



---------------  S Y S T E M  ---------------

OS: Windows 7 , 64 bit Build 7601 (6.1.7601.23677)

CPU:total 4 (2 cores per cpu, 2 threads per core) family 6 model 94 stepping 3, cmov, cx8, fxsr, mmx, sse, sse2, sse3, ssse3, sse4.1, sse4.2, popcnt, avx, avx2, aes, clmul, erms, 3dnowpref, lzcnt, ht, tsc, tscinvbit, bmi1, bmi2, adx

Memory: 4k page, physical 8266364k(1170460k free), swap 9313080k(4816k free)

vm_info: Java HotSpot(TM) 64-Bit Server VM (25.102-b14) for windows-amd64 JRE (1.8.0_102-b14), built on Jun 22 2016 13:15:21 by "java_re" with MS VC++ 10.0 (VS2010)

time: Tue May 23 10:10:19 2017
elapsed time: 7 seconds (0d 0h 0m 7s)

